#-----------------------------------------------------------
# Vivado v2023.2 (64-bit)
# SW Build 4029153 on Fri Oct 13 20:14:34 MDT 2023
# IP Build 4028589 on Sat Oct 14 00:45:43 MDT 2023
# SharedData Build 4025554 on Tue Oct 10 17:18:54 MDT 2023
# Start of session at: Fri Aug  2 15:07:18 2024
# Process ID: 15472
# Current directory: C:/Research/CU-Spur-Sean/spurFPGA/VitisHLS/sparsefpgaimp/loop_uhat_sparse_imp/impl/verilog
# Command line: vivado.exe -mode batch -source run_vivadosyn.tcl
# Log file: C:/Research/CU-Spur-Sean/spurFPGA/VitisHLS/sparsefpgaimp/loop_uhat_sparse_imp/impl/verilog/vivado.log
# Journal file: C:/Research/CU-Spur-Sean/spurFPGA/VitisHLS/sparsefpgaimp/loop_uhat_sparse_imp/impl/verilog\vivado.jou
# Running On: gerard, OS: Windows, CPU Frequency: 3993 MHz, CPU Physical cores: 16, Host memory: 33515 MB
#-----------------------------------------------------------
source run_vivadosyn.tcl
# source ./settings.tcl
## set top_module loop_uhat_sparse
## set language verilog
## set family zynq
## set device xc7z007s
## set package -clg400
## set speed -1
## set clock ap_clk
## set fsm_ext "off"
## set add_io_buffers false ;
# source -notrace ./extraction.tcl
# set vivado_proj_name project
# set vivado_proj_dir .
# set target_device "${device}${package}${speed}"
# set target_clk_period_ns "10"
# set target_clk_freq_hz [expr {floor(1000 / $target_clk_period_ns) * 1000000}]
# set ip_vlnv xilinx.com:hls:loop_uhat_sparse:2.0
# set ip_repo_path ../ip
# set bd_design_name bd_0
# set bd_inst_name hls_inst
# set bd_props {}
# set has_synth true
# set synth_design_args {-directive sdx_optimization_effort_high}
# set synth_dcp ""
# set synth_props {}
# set has_impl false
# set impl_props {}
# set report_options [dict create]
# dict set report_options report_level 2
# dict set report_options report_max_paths 10
# dict set report_options stdout_hls_reports 1
# dict set report_options stdout_vivado_reports 0
# dict set report_options hls_project sparsefpgaimp
# dict set report_options hls_solution loop_uhat_sparse_imp
# dict set report_options has_synth $has_synth
# dict set report_options has_impl $has_impl
# dict set report_options vivado_reportbasename $top_module
# dict set report_options vivado_reportdir ./report
# dict set report_options hls_impl_dir ..
# dict set report_options hls_reportdir ../report/$language
# dict set report_options target_clk_period $target_clk_period_ns
# dict set report_options target_device $target_device
# dict set report_options language $language
# dict set report_options clock_name $clock
# dict set report_options error_if_impl_timing_fails false
# dict set report_options bindmodules {loop_uhat_sparse_sitodp_64ns_64_6_no_dsp_1 loop_uhat_sparse_flow_control_loop_pipe_sequential_init loop_uhat_sparse_mul_12s_80ns_90_5_1 loop_uhat_sparse_mul_13s_71s_71_5_1 loop_uhat_sparse_mul_40ns_40ns_80_2_1 loop_uhat_sparse_mul_43ns_36ns_79_3_1 loop_uhat_sparse_mul_49ns_44ns_93_5_1 loop_uhat_sparse_mul_50ns_50ns_100_5_1 loop_uhat_sparse_mul_54s_6ns_54_5_1 loop_uhat_sparse_mul_73ns_6ns_79_5_1 loop_uhat_sparse_mul_77ns_6ns_83_5_1 loop_uhat_sparse_mul_77s_54s_130_5_1 loop_uhat_sparse_mul_82ns_6ns_88_5_1 loop_uhat_sparse_mul_83ns_6ns_89_5_1 loop_uhat_sparse_mul_87ns_6ns_93_5_1 loop_uhat_sparse_mul_92ns_6ns_98_5_1 loop_uhat_sparse_mul_71ns_4ns_75_5_1 loop_uhat_sparse_mac_muladd_16s_15ns_19s_31_4_1 loop_uhat_sparse_pow_generic_double_s_pow_reduce_anonymous_namespace_log_inverse_lut_table_powbkb loop_uhat_sparse_pow_generic_double_s_pow_reduce_anonymous_namespace_log0_lut_table_array_ROM_cud loop_uhat_sparse_pow_generic_double_s_pow_reduce_anonymous_namespace_log_lut_table_ap_fixed_4_dEe loop_uhat_sparse_pow_generic_double_s_pow_reduce_anonymous_namespace_log_lut_table_ap_fixed_7_eOg loop_uhat_sparse_pow_generic_double_s_pow_reduce_anonymous_namespace_log_lut_table_ap_fixed_12fYi loop_uhat_sparse_pow_generic_double_s_pow_reduce_anonymous_namespace_log_lut_table_ap_fixed_17g8j loop_uhat_sparse_pow_generic_double_s_pow_reduce_anonymous_namespace_log_lut_table_ap_fixed_22hbi loop_uhat_sparse_pow_generic_double_s_pow_reduce_anonymous_namespace_log_lut_table_ap_fixed_27ibs loop_uhat_sparse_pow_generic_double_s_pow_reduce_anonymous_namespace_log_lut_table_ap_fixed_32jbC loop_uhat_sparse_pow_generic_double_s_pow_reduce_anonymous_namespace_table_exp_Z1_ap_ufixed_arkbM loop_uhat_sparse_pow_generic_double_s_pow_reduce_anonymous_namespace_table_f_Z3_ap_ufixed_arralbW loop_uhat_sparse_pow_generic_double_s_pow_reduce_anonymous_namespace_table_f_Z2_ap_ufixed_arramb6 loop_uhat_sparse_dadddsub_64ns_64ns_64_7_full_dsp_1 loop_uhat_sparse_dmul_64ns_64ns_64_7_max_dsp_1 loop_uhat_sparse_dcmp_64ns_64ns_1_2_no_dsp_1 loop_uhat_sparse_input_data_rowStart_RAM_AUTO_1R1W loop_uhat_sparse_input_data_colIndex_RAM_AUTO_1R1W loop_uhat_sparse_input_data_value_RAM_AUTO_1R1W loop_uhat_sparse_CTRL_BUS_s_axi loop_uhat_sparse_regslice_both}
# dict set report_options max_module_depth 7
# create_project $vivado_proj_name $vivado_proj_dir -part $target_device -force
INFO: [ProjectBase 1-489] The host OS only allows 260 characters in a normal path. The project is stored in a path with more than 80 characters. If you experience issues with IP, Block Designs, or files not being found, please consider moving the project to a location with a shorter path. Alternately consider using the OS subst command to map part of the path to a drive letter.
Current project path is 'C:/Research/CU-Spur-Sean/spurFPGA/VitisHLS/sparsefpgaimp/loop_uhat_sparse_imp/impl/verilog'
# set_property target_language $language [current_project]
# if { ![file exists $ip_repo_path] } {
#   error "Cannot find packaged HLS IP"
# }
# set_property ip_repo_paths [file normalize $ip_repo_path] [current_project]
# update_ip_catalog
INFO: [IP_Flow 19-234] Refreshing IP repositories
INFO: [IP_Flow 19-1700] Loaded user IP repository 'c:/Research/CU-Spur-Sean/spurFPGA/VitisHLS/sparsefpgaimp/loop_uhat_sparse_imp/impl/ip'.
INFO: [IP_Flow 19-2313] Loaded Vivado IP repository 'C:/Xilinx/Vivado/2023.2/data/ip'.
# create_bd_design $bd_design_name
Wrote  : <C:\Research\CU-Spur-Sean\spurFPGA\VitisHLS\sparsefpgaimp\loop_uhat_sparse_imp\impl\verilog\project.srcs\sources_1\bd\bd_0\bd_0.bd> 
# set cell_inst [create_bd_cell -type ip -vlnv $ip_vlnv $bd_inst_name]
# if { [llength $bd_props] } { 
#   set_property -dict $bd_props $cell_inst 
# }
# make_bd_pins_external $cell_inst
# make_bd_intf_pins_external $cell_inst
# set bd_clk_ports [get_bd_ports -filter {TYPE==clk}]
# if { [llength $bd_clk_ports] && $target_clk_freq_hz ne "" } { 
#   set_property CONFIG.FREQ_HZ $target_clk_freq_hz $bd_clk_ports 
# }
# foreach bd_port [get_bd_intf_ports] {
#   set_property name [regsub {_0$} [get_property name $bd_port] {}] $bd_port
# }
# foreach bd_port [get_bd_ports -filter {INTF!=TRUE}] {
#   set_property name [regsub {_0$} [get_property name $bd_port] {}] $bd_port
# }
# set s_axi_addr_width_min 32
# foreach bd_port [get_bd_intf_ports -filter {MODE == "Slave" && VLNV =~ "xilinx.com:interface:aximm_rtl:*"}] {
#   set bd_port_addr_width [get_property CONFIG.ADDR_WIDTH $bd_port]
#   if { $bd_port_addr_width < $s_axi_addr_width_min } {
#     puts "INFO: Updating $bd_port CONFIG.ADDR_WIDTH to $s_axi_addr_width_min"
#     set_property CONFIG.ADDR_WIDTH $s_axi_addr_width_min $bd_port
#   }
# }
INFO: Updating /s_axi_CTRL_BUS CONFIG.ADDR_WIDTH to 32
# set_msg_config -id {[BD 41-1265]} -severity {CRITICAL WARNING} -new_severity {INFO}
# assign_bd_address
Slave segment '/hls_inst/s_axi_CTRL_BUS/Reg' is being assigned into address space '/s_axi_CTRL_BUS' at <0x0000_0000 [ 64K ]>.
Wrote  : <C:\Research\CU-Spur-Sean\spurFPGA\VitisHLS\sparsefpgaimp\loop_uhat_sparse_imp\impl\verilog\project.srcs\sources_1\bd\bd_0\bd_0.bd> 
Verilog Output written to : C:/Research/CU-Spur-Sean/spurFPGA/VitisHLS/sparsefpgaimp/loop_uhat_sparse_imp/impl/verilog/project.gen/sources_1/bd/bd_0/synth/bd_0.v
Verilog Output written to : C:/Research/CU-Spur-Sean/spurFPGA/VitisHLS/sparsefpgaimp/loop_uhat_sparse_imp/impl/verilog/project.gen/sources_1/bd/bd_0/sim/bd_0.v
Verilog Output written to : C:/Research/CU-Spur-Sean/spurFPGA/VitisHLS/sparsefpgaimp/loop_uhat_sparse_imp/impl/verilog/project.gen/sources_1/bd/bd_0/hdl/bd_0_wrapper.v
make_wrapper: Time (s): cpu = 00:00:01 ; elapsed = 00:00:08 . Memory (MB): peak = 772.469 ; gain = 253.945
# set toprtl [make_wrapper -files [get_files ${bd_design_name}.bd] -top]
# add_files -norecurse $toprtl
# set top_inst_name [file root [file tail $toprtl]]
# puts "Using BD top: $top_inst_name"
Using BD top: bd_0_wrapper
# set xdc_files [glob -nocomplain ./*.xdc]
# if { [llength $xdc_files] } {
#     add_files -fileset constrs_1 -norecurse $xdc_files
# }
# launch_runs synth_1 -scripts_only
INFO: [BD 41-1662] The design 'bd_0.bd' is already validated. Therefore parameter propagation will not be re-run.
Verilog Output written to : C:/Research/CU-Spur-Sean/spurFPGA/VitisHLS/sparsefpgaimp/loop_uhat_sparse_imp/impl/verilog/project.gen/sources_1/bd/bd_0/synth/bd_0.v
Verilog Output written to : C:/Research/CU-Spur-Sean/spurFPGA/VitisHLS/sparsefpgaimp/loop_uhat_sparse_imp/impl/verilog/project.gen/sources_1/bd/bd_0/sim/bd_0.v
Verilog Output written to : C:/Research/CU-Spur-Sean/spurFPGA/VitisHLS/sparsefpgaimp/loop_uhat_sparse_imp/impl/verilog/project.gen/sources_1/bd/bd_0/hdl/bd_0_wrapper.v
INFO: [BD 41-1029] Generation completed for the IP Integrator block hls_inst .
Exporting to file C:/Research/CU-Spur-Sean/spurFPGA/VitisHLS/sparsefpgaimp/loop_uhat_sparse_imp/impl/verilog/project.gen/sources_1/bd/bd_0/hw_handoff/bd_0.hwh
Generated Hardware Definition File C:/Research/CU-Spur-Sean/spurFPGA/VitisHLS/sparsefpgaimp/loop_uhat_sparse_imp/impl/verilog/project.gen/sources_1/bd/bd_0/synth/bd_0.hwdef
INFO: [IP_Flow 19-6924] IPCACHE: Running cache check for IP inst: bd_0_hls_inst_0
WARNING: [Vivado 12-7122] Auto Incremental Compile:: No reference checkpoint was found in run synth_1. Auto-incremental flow will not be run, the standard flow will be run instead.
# foreach run [get_runs -filter {IS_SYNTHESIS == 1}] {
#   reset_run [get_runs $run]
# }
# set_property XPM_LIBRARIES {XPM_MEMORY XPM_FIFO} [current_project]
# hls_vivado_reports_setup $report_options
TIMESTAMP: HLS-REPORT: initialize report directories: 2024-08-02 15:07:38 -0600
# if { $has_synth || $has_impl } {
#   # synth properties setting
#   set_property -name {STEPS.SYNTH_DESIGN.ARGS.MORE OPTIONS} -value {-mode out_of_context} -objects [get_runs synth_1]
#   set ip_inst [get_ips -quiet ${bd_design_name}*${bd_inst_name}*]
#   if { ![llength $ip_inst] } {
#       error "Cannot find HLS IP instance: ${bd_design_name}*${bd_inst_name}*"
#   }
#   set synth_run [get_runs -filter {IS_SYNTHESIS == 1} ${ip_inst}*]
#   if { ![llength $synth_run] } {
#       error "Cannot find synth run for HLS IP: ${ip_inst}*"
#   }
# 
#   if { [llength $synth_design_args] } {
#       set_property -name {STEPS.SYNTH_DESIGN.ARGS.MORE OPTIONS} -value $synth_design_args -objects $synth_run
#   }
# 
#   if { [llength $synth_props] } {
#     set_property -dict $synth_props $synth_run
#   }
# 
#   # launch run synth
#   launch_runs synth_1
#   wait_on_run synth_1
#   # synth reports
#   hls_vivado_reports_synth synth_1 $report_options
#   if { $synth_dcp ne "" } {
#     file mkdir [file dirname $synth_dcp]
#     set run_dcp [glob -nocomplain [get_property DIRECTORY $synth_run]/*.dcp]
#     if { [llength $run_dcp] != 1 } { error "Cannot find single dcp file for run $synth_run" }
#     file copy -force $run_dcp $synth_dcp
#   }
# }
INFO: [IP_Flow 19-6924] IPCACHE: Running cache check for IP inst: bd_0_hls_inst_0
WARNING: [Vivado 12-7122] Auto Incremental Compile:: No reference checkpoint was found in run synth_1. Auto-incremental flow will not be run, the standard flow will be run instead.
[Fri Aug  2 15:07:39 2024] Launched bd_0_hls_inst_0_synth_1...
Run output will be captured here: C:/Research/CU-Spur-Sean/spurFPGA/VitisHLS/sparsefpgaimp/loop_uhat_sparse_imp/impl/verilog/project.runs/bd_0_hls_inst_0_synth_1/runme.log
[Fri Aug  2 15:07:39 2024] Launched synth_1...
Run output will be captured here: C:/Research/CU-Spur-Sean/spurFPGA/VitisHLS/sparsefpgaimp/loop_uhat_sparse_imp/impl/verilog/project.runs/synth_1/runme.log
[Fri Aug  2 15:07:39 2024] Waiting for synth_1 to finish...

*** Running vivado
    with args -log bd_0_wrapper.vds -m64 -product Vivado -mode batch -messageDb vivado.pb -notrace -source bd_0_wrapper.tcl


ECHO is off.
ECHO is off.

****** Vivado v2023.2 (64-bit)
  **** SW Build 4029153 on Fri Oct 13 20:14:34 MDT 2023
  **** IP Build 4028589 on Sat Oct 14 00:45:43 MDT 2023
  **** SharedData Build 4025554 on Tue Oct 10 17:18:54 MDT 2023
    ** Copyright 1986-2022 Xilinx, Inc. All Rights Reserved.
    ** Copyright 2022-2023 Advanced Micro Devices, Inc. All Rights Reserved.

source bd_0_wrapper.tcl -notrace
INFO: [IP_Flow 19-234] Refreshing IP repositories
INFO: [IP_Flow 19-1700] Loaded user IP repository 'c:/Research/CU-Spur-Sean/spurFPGA/VitisHLS/sparsefpgaimp/loop_uhat_sparse_imp/impl/ip'.
INFO: [IP_Flow 19-2313] Loaded Vivado IP repository 'C:/Xilinx/Vivado/2023.2/data/ip'.
WARNING: [IP_Flow 19-4995] The host OS only allows 260 characters in a normal path. The IP cache path is more than 80 characters. If you experience issues with IP caching, please consider changing the IP cache to a location with a shorter path. Alternately consider using the OS subst command to map part of the path to a drive letter. 
Current IP cache path is c:/Research/CU-Spur-Sean/spurFPGA/VitisHLS/sparsefpgaimp/loop_uhat_sparse_imp/impl/verilog/project.cache/ip 
Command: synth_design -top bd_0_wrapper -part xc7z007sclg400-1 -mode out_of_context
Starting synth_design
Attempting to get a license for feature 'Synthesis' and/or device 'xc7z007s'
INFO: [Common 17-349] Got license for feature 'Synthesis' and/or device 'xc7z007s'
INFO: [Device 21-403] Loading part xc7z007sclg400-1
INFO: [Synth 8-7079] Multithreading enabled for synth_design using a maximum of 2 processes.
INFO: [Synth 8-7078] Launching helper process for spawning children vivado processes
INFO: [Synth 8-7075] Helper process launched with PID 10336
---------------------------------------------------------------------------------
Starting RTL Elaboration : Time (s): cpu = 00:00:03 ; elapsed = 00:00:04 . Memory (MB): peak = 1313.188 ; gain = 437.855
---------------------------------------------------------------------------------
INFO: [Synth 8-6157] synthesizing module 'bd_0_wrapper' [c:/Research/CU-Spur-Sean/spurFPGA/VitisHLS/sparsefpgaimp/loop_uhat_sparse_imp/impl/verilog/project.gen/sources_1/bd/bd_0/hdl/bd_0_wrapper.v:13]
INFO: [Synth 8-6157] synthesizing module 'bd_0' [c:/Research/CU-Spur-Sean/spurFPGA/VitisHLS/sparsefpgaimp/loop_uhat_sparse_imp/impl/verilog/project.gen/sources_1/bd/bd_0/synth/bd_0.v:13]
INFO: [Synth 8-6157] synthesizing module 'bd_0_hls_inst_0' [C:/Research/CU-Spur-Sean/spurFPGA/VitisHLS/sparsefpgaimp/loop_uhat_sparse_imp/impl/verilog/project.runs/synth_1/.Xil/Vivado-10492-gerard/realtime/bd_0_hls_inst_0_stub.v:6]
INFO: [Synth 8-6155] done synthesizing module 'bd_0_hls_inst_0' (0#1) [C:/Research/CU-Spur-Sean/spurFPGA/VitisHLS/sparsefpgaimp/loop_uhat_sparse_imp/impl/verilog/project.runs/synth_1/.Xil/Vivado-10492-gerard/realtime/bd_0_hls_inst_0_stub.v:6]
INFO: [Synth 8-6155] done synthesizing module 'bd_0' (0#1) [c:/Research/CU-Spur-Sean/spurFPGA/VitisHLS/sparsefpgaimp/loop_uhat_sparse_imp/impl/verilog/project.gen/sources_1/bd/bd_0/synth/bd_0.v:13]
INFO: [Synth 8-6155] done synthesizing module 'bd_0_wrapper' (0#1) [c:/Research/CU-Spur-Sean/spurFPGA/VitisHLS/sparsefpgaimp/loop_uhat_sparse_imp/impl/verilog/project.gen/sources_1/bd/bd_0/hdl/bd_0_wrapper.v:13]
---------------------------------------------------------------------------------
Finished RTL Elaboration : Time (s): cpu = 00:00:05 ; elapsed = 00:00:05 . Memory (MB): peak = 1426.551 ; gain = 551.219
---------------------------------------------------------------------------------
---------------------------------------------------------------------------------
Start Handling Custom Attributes
---------------------------------------------------------------------------------
---------------------------------------------------------------------------------
Finished Handling Custom Attributes : Time (s): cpu = 00:00:05 ; elapsed = 00:00:05 . Memory (MB): peak = 1426.551 ; gain = 551.219
---------------------------------------------------------------------------------
---------------------------------------------------------------------------------
Finished RTL Optimization Phase 1 : Time (s): cpu = 00:00:05 ; elapsed = 00:00:05 . Memory (MB): peak = 1426.551 ; gain = 551.219
---------------------------------------------------------------------------------
Netlist sorting complete. Time (s): cpu = 00:00:00 ; elapsed = 00:00:00.004 . Memory (MB): peak = 1426.551 ; gain = 0.000
INFO: [Project 1-570] Preparing netlist for logic optimization

Processing XDC Constraints
Initializing timing engine
Parsing XDC File [c:/Research/CU-Spur-Sean/spurFPGA/VitisHLS/sparsefpgaimp/loop_uhat_sparse_imp/impl/verilog/project.gen/sources_1/bd/bd_0/ip/bd_0_hls_inst_0/bd_0_hls_inst_0/bd_0_hls_inst_0_in_context.xdc] for cell 'bd_0_i/hls_inst'
Finished Parsing XDC File [c:/Research/CU-Spur-Sean/spurFPGA/VitisHLS/sparsefpgaimp/loop_uhat_sparse_imp/impl/verilog/project.gen/sources_1/bd/bd_0/ip/bd_0_hls_inst_0/bd_0_hls_inst_0/bd_0_hls_inst_0_in_context.xdc] for cell 'bd_0_i/hls_inst'
Parsing XDC File [C:/Research/CU-Spur-Sean/spurFPGA/VitisHLS/sparsefpgaimp/loop_uhat_sparse_imp/impl/verilog/loop_uhat_sparse.xdc]
Finished Parsing XDC File [C:/Research/CU-Spur-Sean/spurFPGA/VitisHLS/sparsefpgaimp/loop_uhat_sparse_imp/impl/verilog/loop_uhat_sparse.xdc]
Parsing XDC File [C:/Research/CU-Spur-Sean/spurFPGA/VitisHLS/sparsefpgaimp/loop_uhat_sparse_imp/impl/verilog/project.runs/synth_1/dont_touch.xdc]
Finished Parsing XDC File [C:/Research/CU-Spur-Sean/spurFPGA/VitisHLS/sparsefpgaimp/loop_uhat_sparse_imp/impl/verilog/project.runs/synth_1/dont_touch.xdc]
Completed Processing XDC Constraints

Netlist sorting complete. Time (s): cpu = 00:00:00 ; elapsed = 00:00:00 . Memory (MB): peak = 1433.266 ; gain = 0.000
INFO: [Project 1-111] Unisim Transformation Summary:
No Unisim elements were transformed.

The system cannot find the path specified.
Constraint Validation Runtime : Time (s): cpu = 00:00:00 ; elapsed = 00:00:00.013 . Memory (MB): peak = 1433.266 ; gain = 0.000
---------------------------------------------------------------------------------
Finished Constraint Validation : Time (s): cpu = 00:00:10 ; elapsed = 00:00:11 . Memory (MB): peak = 1433.266 ; gain = 557.934
---------------------------------------------------------------------------------
---------------------------------------------------------------------------------
Start Loading Part and Timing Information
---------------------------------------------------------------------------------
Loading part: xc7z007sclg400-1
---------------------------------------------------------------------------------
Finished Loading Part and Timing Information : Time (s): cpu = 00:00:10 ; elapsed = 00:00:11 . Memory (MB): peak = 1433.266 ; gain = 557.934
---------------------------------------------------------------------------------
---------------------------------------------------------------------------------
Start Applying 'set_property' XDC Constraints
---------------------------------------------------------------------------------
Applied set_property KEEP_HIERARCHY = SOFT for bd_0_i. (constraint file  auto generated constraint).
Applied set_property KEEP_HIERARCHY = SOFT for bd_0_i/hls_inst. (constraint file  auto generated constraint).
---------------------------------------------------------------------------------
Finished applying 'set_property' XDC Constraints : Time (s): cpu = 00:00:10 ; elapsed = 00:00:11 . Memory (MB): peak = 1433.266 ; gain = 557.934
---------------------------------------------------------------------------------
---------------------------------------------------------------------------------
Finished RTL Optimization Phase 2 : Time (s): cpu = 00:00:10 ; elapsed = 00:00:11 . Memory (MB): peak = 1433.266 ; gain = 557.934
---------------------------------------------------------------------------------
---------------------------------------------------------------------------------
Start RTL Component Statistics 
---------------------------------------------------------------------------------
Detailed RTL Component Info : 
---------------------------------------------------------------------------------
Finished RTL Component Statistics 
---------------------------------------------------------------------------------
---------------------------------------------------------------------------------
Start Part Resource Summary
---------------------------------------------------------------------------------
Part Resources:
DSPs: 66 (col length:40)
BRAMs: 100 (col length: RAMB18 40 RAMB36 20)
---------------------------------------------------------------------------------
Finished Part Resource Summary
---------------------------------------------------------------------------------
---------------------------------------------------------------------------------
Start Cross Boundary and Area Optimization
---------------------------------------------------------------------------------
WARNING: [Synth 8-7080] Parallel synthesis criteria is not met
---------------------------------------------------------------------------------
Finished Cross Boundary and Area Optimization : Time (s): cpu = 00:00:11 ; elapsed = 00:00:12 . Memory (MB): peak = 1433.266 ; gain = 557.934
---------------------------------------------------------------------------------
---------------------------------------------------------------------------------
Start Applying XDC Timing Constraints
---------------------------------------------------------------------------------
---------------------------------------------------------------------------------
Finished Applying XDC Timing Constraints : Time (s): cpu = 00:00:14 ; elapsed = 00:00:15 . Memory (MB): peak = 1433.266 ; gain = 557.934
---------------------------------------------------------------------------------
---------------------------------------------------------------------------------
Start Timing Optimization
---------------------------------------------------------------------------------
---------------------------------------------------------------------------------
Finished Timing Optimization : Time (s): cpu = 00:00:14 ; elapsed = 00:00:15 . Memory (MB): peak = 1433.266 ; gain = 557.934
---------------------------------------------------------------------------------
---------------------------------------------------------------------------------
Start Technology Mapping
---------------------------------------------------------------------------------
---------------------------------------------------------------------------------
Finished Technology Mapping : Time (s): cpu = 00:00:14 ; elapsed = 00:00:15 . Memory (MB): peak = 1433.266 ; gain = 557.934
---------------------------------------------------------------------------------
---------------------------------------------------------------------------------
Start IO Insertion
---------------------------------------------------------------------------------
---------------------------------------------------------------------------------
Start Flattening Before IO Insertion
---------------------------------------------------------------------------------
---------------------------------------------------------------------------------
Finished Flattening Before IO Insertion
---------------------------------------------------------------------------------
---------------------------------------------------------------------------------
Start Final Netlist Cleanup
---------------------------------------------------------------------------------
---------------------------------------------------------------------------------
Finished Final Netlist Cleanup
---------------------------------------------------------------------------------
---------------------------------------------------------------------------------
Finished IO Insertion : Time (s): cpu = 00:00:17 ; elapsed = 00:00:18 . Memory (MB): peak = 1438.406 ; gain = 563.074
---------------------------------------------------------------------------------
---------------------------------------------------------------------------------
Start Renaming Generated Instances
---------------------------------------------------------------------------------
---------------------------------------------------------------------------------
Finished Renaming Generated Instances : Time (s): cpu = 00:00:17 ; elapsed = 00:00:18 . Memory (MB): peak = 1438.406 ; gain = 563.074
---------------------------------------------------------------------------------
---------------------------------------------------------------------------------
Start Rebuilding User Hierarchy
---------------------------------------------------------------------------------
---------------------------------------------------------------------------------
Finished Rebuilding User Hierarchy : Time (s): cpu = 00:00:17 ; elapsed = 00:00:18 . Memory (MB): peak = 1438.406 ; gain = 563.074
---------------------------------------------------------------------------------
---------------------------------------------------------------------------------
Start Renaming Generated Ports
---------------------------------------------------------------------------------
---------------------------------------------------------------------------------
Finished Renaming Generated Ports : Time (s): cpu = 00:00:17 ; elapsed = 00:00:18 . Memory (MB): peak = 1438.406 ; gain = 563.074
---------------------------------------------------------------------------------
---------------------------------------------------------------------------------
Start Handling Custom Attributes
---------------------------------------------------------------------------------
---------------------------------------------------------------------------------
Finished Handling Custom Attributes : Time (s): cpu = 00:00:17 ; elapsed = 00:00:18 . Memory (MB): peak = 1438.406 ; gain = 563.074
---------------------------------------------------------------------------------
---------------------------------------------------------------------------------
Start Renaming Generated Nets
---------------------------------------------------------------------------------
---------------------------------------------------------------------------------
Finished Renaming Generated Nets : Time (s): cpu = 00:00:17 ; elapsed = 00:00:18 . Memory (MB): peak = 1438.406 ; gain = 563.074
---------------------------------------------------------------------------------
---------------------------------------------------------------------------------
Start Writing Synthesis Report
---------------------------------------------------------------------------------

Report BlackBoxes: 
+------+----------------+----------+
|      |BlackBox name   |Instances |
+------+----------------+----------+
|1     |bd_0_hls_inst_0 |         1|
+------+----------------+----------+

Report Cell Usage: 
+------+--------------+------+
|      |Cell          |Count |
+------+--------------+------+
|1     |bd_0_hls_inst |     1|
+------+--------------+------+
---------------------------------------------------------------------------------
Finished Writing Synthesis Report : Time (s): cpu = 00:00:17 ; elapsed = 00:00:18 . Memory (MB): peak = 1438.406 ; gain = 563.074
---------------------------------------------------------------------------------
Synthesis finished with 0 errors, 0 critical warnings and 1 warnings.
Synthesis Optimization Runtime : Time (s): cpu = 00:00:11 ; elapsed = 00:00:17 . Memory (MB): peak = 1438.406 ; gain = 556.359
Synthesis Optimization Complete : Time (s): cpu = 00:00:17 ; elapsed = 00:00:18 . Memory (MB): peak = 1438.406 ; gain = 563.074
INFO: [Project 1-571] Translating synthesized netlist
Netlist sorting complete. Time (s): cpu = 00:00:00 ; elapsed = 00:00:00.006 . Memory (MB): peak = 1438.406 ; gain = 0.000
INFO: [Project 1-570] Preparing netlist for logic optimization
INFO: [Opt 31-138] Pushed 0 inverter(s) to 0 load pin(s).
Netlist sorting complete. Time (s): cpu = 00:00:00 ; elapsed = 00:00:00 . Memory (MB): peak = 1458.066 ; gain = 0.000
INFO: [Project 1-111] Unisim Transformation Summary:
No Unisim elements were transformed.

The system cannot find the path specified.
Synth Design complete | Checksum: 9afa830
INFO: [Common 17-83] Releasing license: Synthesis
21 Infos, 2 Warnings, 0 Critical Warnings and 0 Errors encountered.
synth_design completed successfully
synth_design: Time (s): cpu = 00:00:21 ; elapsed = 00:00:21 . Memory (MB): peak = 1458.066 ; gain = 979.676
INFO: [Common 17-1381] The checkpoint 'C:/Research/CU-Spur-Sean/spurFPGA/VitisHLS/sparsefpgaimp/loop_uhat_sparse_imp/impl/verilog/project.runs/synth_1/bd_0_wrapper.dcp' has been generated.
INFO: [runtcl-4] Executing : report_utilization -file bd_0_wrapper_utilization_synth.rpt -pb bd_0_wrapper_utilization_synth.pb
INFO: [Common 17-206] Exiting Vivado at Fri Aug  2 15:11:37 2024...
[Fri Aug  2 15:11:40 2024] synth_1 finished
wait_on_runs: Time (s): cpu = 00:00:00 ; elapsed = 00:04:02 . Memory (MB): peak = 772.469 ; gain = 0.000
TIMESTAMP: HLS-REPORT: synthesis open_run: 2024-08-02 15:11:40 -0600
INFO: HLS-REPORT: Opening synthesis design database: open_run synth_1
Design is defaulting to impl run constrset: constrs_1
Design is defaulting to synth run part: xc7z007sclg400-1
INFO: [Device 21-403] Loading part xc7z007sclg400-1
INFO: [Project 1-454] Reading design checkpoint 'c:/Research/CU-Spur-Sean/spurFPGA/VitisHLS/sparsefpgaimp/loop_uhat_sparse_imp/impl/verilog/project.gen/sources_1/bd/bd_0/ip/bd_0_hls_inst_0/bd_0_hls_inst_0.dcp' for cell 'bd_0_i/hls_inst'
Netlist sorting complete. Time (s): cpu = 00:00:00 ; elapsed = 00:00:00.454 . Memory (MB): peak = 1021.418 ; gain = 0.000
INFO: [Netlist 29-17] Analyzing 4466 Unisim elements for replacement
INFO: [Netlist 29-28] Unisim Transformation completed in 0 CPU seconds
INFO: [Project 1-479] Netlist was created with Vivado 2023.2
INFO: [Project 1-570] Preparing netlist for logic optimization
Parsing XDC File [C:/Research/CU-Spur-Sean/spurFPGA/VitisHLS/sparsefpgaimp/loop_uhat_sparse_imp/impl/verilog/loop_uhat_sparse.xdc]
Finished Parsing XDC File [C:/Research/CU-Spur-Sean/spurFPGA/VitisHLS/sparsefpgaimp/loop_uhat_sparse_imp/impl/verilog/loop_uhat_sparse.xdc]
INFO: [Opt 31-138] Pushed 0 inverter(s) to 0 load pin(s).
Netlist sorting complete. Time (s): cpu = 00:00:00 ; elapsed = 00:00:00.015 . Memory (MB): peak = 1188.793 ; gain = 0.000
INFO: [Project 1-111] Unisim Transformation Summary:
  A total of 1035 instances were transformed.
  RAM128X1S => RAM128X1S (MUXF7, RAMS64E(x2)): 15 instances
  RAM16X1S => RAM32X1S (RAMS32): 30 instances
  RAM256X1S => RAM256X1S (MUXF7(x2), MUXF8, RAMS64E(x4)): 990 instances

open_run: Time (s): cpu = 00:00:10 ; elapsed = 00:00:10 . Memory (MB): peak = 1188.793 ; gain = 416.324
TIMESTAMP: HLS-REPORT: synthesis generate_reports_vivado: 2024-08-02 15:11:50 -0600
INFO: HLS-REPORT: Running report: report_utilization -file ./report/loop_uhat_sparse_utilization_synth.rpt
INFO: HLS-REPORT: Running report: report_utilization -hierarchical -hierarchical_depth 7 -file ./report/loop_uhat_sparse_utilization_hierarchical_synth.rpt
INFO: HLS-REPORT: Running report: report_timing_summary -file ./report/loop_uhat_sparse_timing_synth.rpt
INFO: [Timing 38-35] Done setting XDC timing constraints.
INFO: [Timing 38-91] UpdateTimingParams: Speed grade: -1, Delay Type: min_max.
INFO: [Timing 38-191] Multithreading enabled for timing update using a maximum of 2 CPUs
WARNING: [Timing 38-242] The property HD.CLK_SRC of clock port "ap_clk" is not set. In out-of-context mode, this prevents timing estimation for clock delay/skew
Resolution: Set the HD.CLK_SRC property of the out-of-context port to the location of the clock buffer instance in the top-level design
report_timing_summary: Time (s): cpu = 00:00:11 ; elapsed = 00:00:11 . Memory (MB): peak = 2017.930 ; gain = 829.137
INFO: HLS-REPORT: Running report: report_timing -max_paths 10 -file ./report/loop_uhat_sparse_timing_paths_synth.rpt
INFO: [Timing 38-91] UpdateTimingParams: Speed grade: -1, Delay Type: max.
INFO: [Timing 38-191] Multithreading enabled for timing update using a maximum of 2 CPUs
INFO: [Timing 38-78] ReportTimingParams: -max_paths 10 -nworst 1 -delay_type max -sort_by slack.
INFO: HLS-REPORT: Running report: report_design_analysis -file ./report/loop_uhat_sparse_design_analysis_synth.rpt
INFO: [Implflow 30-839]  
INFO: HLS-REPORT: Running report: ::tclapp::xilinx::designutils::report_failfast -detailed_report synth -file ./report/loop_uhat_sparse_failfast_synth.rpt
 -I- design metrics completed in 1 seconds
 -I- DONT_TOUCH metric completed in 0 seconds
 -I- MARK_DEBUG metric completed in 1 seconds
 -I- utilization metrics completed in 1 seconds
 -I- control set metrics completed in 0 seconds
 -I- methodology check metrics completed in 3 seconds
 -I- average fanout metrics completed in 2 seconds (0 modules)
 -I- non-FD high fanout nets completed in 2 seconds
 -I- path budgeting metrics completed in 3 seconds
#  +------------------------------------------------------------------------------------------+
#  | Design Summary                                                                           |
#  | design_1                                                                                 |
#  | xc7z007sclg400-1                                                                         |
#  +-----------------------------------------------------------+-----------+---------+--------+
#  | Criteria                                                  | Guideline | Actual  | Status |
#  +-----------------------------------------------------------+-----------+---------+--------+
#  | LUT                                                       | 70%       | 181.94% | REVIEW |
#  | FD                                                        | 50%       | 47.51%  | OK     |
#  | LUTRAM+SRL                                                | 25%       | 88.50%  | REVIEW |
#  | MUXF7                                                     | 15%       | 27.39%  | REVIEW |
#  | LUT Combining                                             | 20%       | 21.32%  | REVIEW |
#  | DSP                                                       | 80%       | 100.00% | REVIEW |
#  | RAMB/FIFO                                                 | 80%       | 704.00% | REVIEW |
#  | DSP+RAMB+URAM (Avg)                                       | 70%       | 402.00% | REVIEW |
#  | BUFGCE* + BUFGCTRL                                        | 24        | 0       | OK     |
#  | DONT_TOUCH (cells/nets)                                   | 0         | 0       | OK     |
#  | MARK_DEBUG (nets)                                         | 0         | 0       | OK     |
#  | Control Sets                                              | 270       | 129     | OK     |
#  | Average Fanout for modules > 100k cells                   | 4         | 3.15    | OK     |
#  | Max Average Fanout for modules > 100k cells               | 4         | 0       | OK     |
#  | Non-FD high fanout nets > 10k loads                       | 0         | 0       | OK     |
#  +-----------------------------------------------------------+-----------+---------+--------+
#  | TIMING-6 (No common primary clock between related clocks) | 0         | 0       | OK     |
#  | TIMING-7 (No common node between related clocks)          | 0         | 0       | OK     |
#  | TIMING-8 (No common period between related clocks)        | 0         | 0       | OK     |
#  | TIMING-14 (LUT on the clock tree)                         | 0         | 0       | OK     |
#  | TIMING-35 (No common node in paths with the same clock)   | 0         | 0       | OK     |
#  +-----------------------------------------------------------+-----------+---------+--------+
#  | Number of paths above max LUT budgeting (0.575ns)         | 0         | 0       | OK     |
#  | Number of paths above max Net budgeting (0.403ns)         | 0         | 0       | OK     |
#  +-----------------------------------------------------------+-----------+---------+--------+
 -I- Generated file C:/Research/CU-Spur-Sean/spurFPGA/VitisHLS/sparsefpgaimp/loop_uhat_sparse_imp/impl/verilog/report/loop_uhat_sparse_failfast_synth.rpt
 -I- Number of criteria to review: 7
 -I- This report should be run before placing the design and uses conservative guidelines beyond which runtime and timing closure will likely be more challenging
 -I- report_failfast completed in 13 seconds
TIMESTAMP: HLS-REPORT: synthesis gen_data_dict_vivado: 2024-08-02 15:12:16 -0600
TIMESTAMP: HLS-REPORT: synth extract_util_hier: 2024-08-02 15:12:16 -0600
TIMESTAMP: HLS-REPORT: synth get_cell_hier_data: 2024-08-02 15:12:16 -0600
TIMESTAMP: HLS-REPORT: synth get_timing_paths: 2024-08-02 15:12:16 -0600
TIMESTAMP: HLS-REPORT: synth process timing paths: 2024-08-02 15:12:16 -0600
TIMESTAMP: HLS-REPORT: synth get_all_vv_rpt_files: 2024-08-02 15:12:16 -0600
TIMESTAMP: HLS-REPORT: synthesis write_reports_vivado: 2024-08-02 15:12:16 -0600
HLS EXTRACTION: synth area_totals:  0 14400 28800 66 100 0 0
HLS EXTRACTION: synth area_current: 0 26199 13683 66 704 0 1290 0 0 0
HLS EXTRACTION: synth resources_dict: AVAIL_LUT 14400 LUT 26199 AVAIL_FF 28800 FF 13683 AVAIL_DSP 66 DSP 66 AVAIL_BRAM 100 BRAM 704 AVAIL_URAM 0 URAM 0 LATCH 0 SRL 1290 AVAIL_CLB 0 CLB 0
INFO: HLS-REPORT: generated C:/Research/CU-Spur-Sean/spurFPGA/VitisHLS/sparsefpgaimp/loop_uhat_sparse_imp/impl/verilog/report/vivado_syn.xml
INFO: HLS-REPORT: generated C:/Research/CU-Spur-Sean/spurFPGA/VitisHLS/sparsefpgaimp/loop_uhat_sparse_imp/impl/report/verilog/loop_uhat_sparse_export.rpt


Implementation tool: Xilinx Vivado v.2023.2
Project:             sparsefpgaimp
Solution:            loop_uhat_sparse_imp
Device target:       xc7z007s-clg400-1
Report date:         Fri Aug 02 15:12:16 -0600 2024

#=== Post-Synthesis Resource usage ===
SLICE:            0
LUT:          26199
FF:           13683
DSP:             66
BRAM:           704
URAM:             0
LATCH:            0
SRL:           1290
CLB:              0

#=== Final timing ===
CP required:                     10.000
CP achieved post-synthesis:      12.403
Timing not met

TIMESTAMP: HLS-REPORT: synthesis end: 2024-08-02 15:12:16 -0600
# if { $has_impl } {
#   # launch run impl
#   if { [llength $impl_props] } {
#     set_property -dict $impl_props [get_runs impl_1]
#   }
#   launch_runs impl_1
#   wait_on_run impl_1
#   # impl reports
#   hls_vivado_reports_impl impl_1 $report_options
# }
# hls_vivado_reports_finalize $report_options
TIMESTAMP: HLS-REPORT: all reports complete: 2024-08-02 15:12:16 -0600
INFO: [Common 17-206] Exiting Vivado at Fri Aug  2 15:12:16 2024...
