C:\Research\CU-Spur-Sean\spurFPGA\VitisHLS\sparsefpgaimp\loop_uhat_sparse_imp\.autopilot\db\loop_uhat_sparse.pp.0.cpp:1449:7: warning: Added loop label VITIS_LOOP_1207_1:   [xilinx-label-all-loops]
      for (i = 0; i < __N - 1; ++i) {
      ^~~
      VITIS_LOOP_1207_1: 
C:\Research\CU-Spur-Sean\spurFPGA\VitisHLS\sparsefpgaimp\loop_uhat_sparse_imp\.autopilot\db\loop_uhat_sparse.pp.0.cpp:1449:7: note: FIX-IT applied suggested code changes
C:\Research\CU-Spur-Sean\spurFPGA\VitisHLS\sparsefpgaimp\loop_uhat_sparse_imp\.autopilot\db\loop_uhat_sparse.pp.0.cpp:2423:5: warning: Added loop label VITIS_LOOP_676_1:   [xilinx-label-all-loops]
    for (unsigned i = low; i != high; ++i) {
    ^~~
    VITIS_LOOP_676_1: 
C:\Research\CU-Spur-Sean\spurFPGA\VitisHLS\sparsefpgaimp\loop_uhat_sparse_imp\.autopilot\db\loop_uhat_sparse.pp.0.cpp:2423:5: note: FIX-IT applied suggested code changes
C:\Research\CU-Spur-Sean\spurFPGA\VitisHLS\sparsefpgaimp\loop_uhat_sparse_imp\.autopilot\db\loop_uhat_sparse.pp.0.cpp:2437:5: warning: Added loop label VITIS_LOOP_690_1:   [xilinx-label-all-loops]
    for (unsigned i = low; i != high; ++i) {
    ^~~
    VITIS_LOOP_690_1: 
C:\Research\CU-Spur-Sean\spurFPGA\VitisHLS\sparsefpgaimp\loop_uhat_sparse_imp\.autopilot\db\loop_uhat_sparse.pp.0.cpp:2437:5: note: FIX-IT applied suggested code changes
C:\Research\CU-Spur-Sean\spurFPGA\VitisHLS\sparsefpgaimp\loop_uhat_sparse_imp\.autopilot\db\loop_uhat_sparse.pp.0.cpp:2451:5: warning: Added loop label VITIS_LOOP_704_1:   [xilinx-label-all-loops]
    for (unsigned i = low; i != high; ++i) {
    ^~~
    VITIS_LOOP_704_1: 
C:\Research\CU-Spur-Sean\spurFPGA\VitisHLS\sparsefpgaimp\loop_uhat_sparse_imp\.autopilot\db\loop_uhat_sparse.pp.0.cpp:2451:5: note: FIX-IT applied suggested code changes
C:\Research\CU-Spur-Sean\spurFPGA\VitisHLS\sparsefpgaimp\loop_uhat_sparse_imp\.autopilot\db\loop_uhat_sparse.pp.0.cpp:4080:7: warning: Added loop label VITIS_LOOP_1247_1:   [xilinx-label-all-loops]
      for (i = 0; i < __N - 1; ++i) {
      ^~~
      VITIS_LOOP_1247_1: 
C:\Research\CU-Spur-Sean\spurFPGA\VitisHLS\sparsefpgaimp\loop_uhat_sparse_imp\.autopilot\db\loop_uhat_sparse.pp.0.cpp:4080:7: note: FIX-IT applied suggested code changes
C:\Research\CU-Spur-Sean\spurFPGA\VitisHLS\sparsefpgaimp\loop_uhat_sparse_imp\.autopilot\db\loop_uhat_sparse.pp.0.cpp:34513:5: warning: Added loop label VITIS_LOOP_57_1:   [xilinx-label-all-loops]
    for (int i = 0; i < 17048; ++i) {
    ^~~
    VITIS_LOOP_57_1: 
C:\Research\CU-Spur-Sean\spurFPGA\VitisHLS\sparsefpgaimp\loop_uhat_sparse_imp\.autopilot\db\loop_uhat_sparse.pp.0.cpp:34513:5: note: FIX-IT applied suggested code changes
C:\Research\CU-Spur-Sean\spurFPGA\VitisHLS\sparsefpgaimp\loop_uhat_sparse_imp\.autopilot\db\loop_uhat_sparse.pp.0.cpp:34522:5: warning: Added loop label VITIS_LOOP_66_2:   [xilinx-label-all-loops]
    while (error >= tol)
    ^~~~~
    VITIS_LOOP_66_2: 
C:\Research\CU-Spur-Sean\spurFPGA\VitisHLS\sparsefpgaimp\loop_uhat_sparse_imp\.autopilot\db\loop_uhat_sparse.pp.0.cpp:34522:5: note: FIX-IT applied suggested code changes
C:\Research\CU-Spur-Sean\spurFPGA\VitisHLS\sparsefpgaimp\loop_uhat_sparse_imp\.autopilot\db\loop_uhat_sparse.pp.0.cpp:34526:9: warning: Added loop label VITIS_LOOP_70_3:   [xilinx-label-all-loops]
        for (int i = 0; i < 17048; i++)
        ^~~
        VITIS_LOOP_70_3: 
C:\Research\CU-Spur-Sean\spurFPGA\VitisHLS\sparsefpgaimp\loop_uhat_sparse_imp\.autopilot\db\loop_uhat_sparse.pp.0.cpp:34526:9: note: FIX-IT applied suggested code changes
C:\Research\CU-Spur-Sean\spurFPGA\VitisHLS\sparsefpgaimp\loop_uhat_sparse_imp\.autopilot\db\loop_uhat_sparse.pp.0.cpp:34530:9: warning: Added loop label VITIS_LOOP_74_4:   [xilinx-label-all-loops]
        for (int i = 0; i < 17048; i++)
        ^~~
        VITIS_LOOP_74_4: 
C:\Research\CU-Spur-Sean\spurFPGA\VitisHLS\sparsefpgaimp\loop_uhat_sparse_imp\.autopilot\db\loop_uhat_sparse.pp.0.cpp:34530:9: note: FIX-IT applied suggested code changes
C:\Research\CU-Spur-Sean\spurFPGA\VitisHLS\sparsefpgaimp\loop_uhat_sparse_imp\.autopilot\db\loop_uhat_sparse.pp.0.cpp:34539:13: warning: Added loop label VITIS_LOOP_83_5:   [xilinx-label-all-loops]
            for (int e = input_data.rowStart[i]; e < e_max; e++){
            ^~~
            VITIS_LOOP_83_5: 
C:\Research\CU-Spur-Sean\spurFPGA\VitisHLS\sparsefpgaimp\loop_uhat_sparse_imp\.autopilot\db\loop_uhat_sparse.pp.0.cpp:34539:13: note: FIX-IT applied suggested code changes
C:\Research\CU-Spur-Sean\spurFPGA\VitisHLS\sparsefpgaimp\loop_uhat_sparse_imp\.autopilot\db\loop_uhat_sparse.pp.0.cpp:34552:5: warning: Added loop label VITIS_LOOP_96_6:   [xilinx-label-all-loops]
    for (int i = 0; i < 17048; ++i) {
    ^~~
    VITIS_LOOP_96_6: 
C:\Research\CU-Spur-Sean\spurFPGA\VitisHLS\sparsefpgaimp\loop_uhat_sparse_imp\.autopilot\db\loop_uhat_sparse.pp.0.cpp:34552:5: note: FIX-IT applied suggested code changes
