# ---------------------------------------------------------------------------------
# Created on Fri Aug 02 15:12:16 -0600 2024 with report_failfast (2023.09.14)
# ---------------------------------------------------------------------------------

#  +------------------------------------------------------------------------------------------+
#  | Design Summary                                                                           |
#  | design_1                                                                                 |
#  | xc7z007sclg400-1                                                                         |
#  +-----------------------------------------------------------+-----------+---------+--------+
#  | Criteria                                                  | Guideline | Actual  | Status |
#  +-----------------------------------------------------------+-----------+---------+--------+
#  | LUT                                                       | 70%       | 181.94% | REVIEW |
#  | FD                                                        | 50%       | 47.51%  | OK     |
#  | LUTRAM+SRL                                                | 25%       | 88.50%  | REVIEW |
#  | MUXF7                                                     | 15%       | 27.39%  | REVIEW |
#  | LUT Combining                                             | 20%       | 21.32%  | REVIEW |
#  | DSP                                                       | 80%       | 100.00% | REVIEW |
#  | RAMB/FIFO                                                 | 80%       | 704.00% | REVIEW |
#  | DSP+RAMB+URAM (Avg)                                       | 70%       | 402.00% | REVIEW |
#  | BUFGCE* + BUFGCTRL                                        | 24        | 0       | OK     |
#  | DONT_TOUCH (cells/nets)                                   | 0         | 0       | OK     |
#  | MARK_DEBUG (nets)                                         | 0         | 0       | OK     |
#  | Control Sets                                              | 270       | 129     | OK     |
#  | Average Fanout for modules > 100k cells                   | 4         | 3.15    | OK     |
#  | Max Average Fanout for modules > 100k cells               | 4         | 0       | OK     |
#  | Non-FD high fanout nets > 10k loads                       | 0         | 0       | OK     |
#  +-----------------------------------------------------------+-----------+---------+--------+
#  | TIMING-6 (No common primary clock between related clocks) | 0         | 0       | OK     |
#  | TIMING-7 (No common node between related clocks)          | 0         | 0       | OK     |
#  | TIMING-8 (No common period between related clocks)        | 0         | 0       | OK     |
#  | TIMING-14 (LUT on the clock tree)                         | 0         | 0       | OK     |
#  | TIMING-35 (No common node in paths with the same clock)   | 0         | 0       | OK     |
#  +-----------------------------------------------------------+-----------+---------+--------+
#  | Number of paths above max LUT budgeting (0.575ns)         | 0         | 0       | OK     |
#  | Number of paths above max Net budgeting (0.403ns)         | 0         | 0       | OK     |
#  +-----------------------------------------------------------+-----------+---------+--------+

