

================================================================
== Vitis HLS Report for 'loop_uhat_sparse_Pipeline_VITIS_LOOP_70_3'
================================================================
* Date:           Fri Aug  2 15:04:19 2024

* Version:        2023.2 (Build 4023990 on Oct 11 2023)
* Project:        sparsefpgaimp
* Solution:       loop_uhat_sparse_imp (Vivado IP Flow Target)
* Product family: zynq
* Target device:  xc7z007s-clg400-1


================================================================
== Performance Estimates
================================================================
+ Timing: 
    * Summary: 
    +--------+----------+----------+------------+
    |  Clock |  Target  | Estimated| Uncertainty|
    +--------+----------+----------+------------+
    |ap_clk  |  10.00 ns|  7.289 ns|     2.70 ns|
    +--------+----------+----------+------------+

+ Latency: 
    * Summary: 
    +---------+---------+----------+----------+-------+-------+---------+
    |  Latency (cycles) |  Latency (absolute) |    Interval   | Pipeline|
    |   min   |   max   |    min   |    max   |  min  |  max  |   Type  |
    +---------+---------+----------+----------+-------+-------+---------+
    |    17145|    17145|  0.171 ms|  0.171 ms|  17145|  17145|       no|
    +---------+---------+----------+----------+-------+-------+---------+

    + Detail: 
        * Instance: 
        +---------------------------------+----------------------+---------+---------+----------+----------+-----+-----+---------+
        |                                 |                      |  Latency (cycles) |  Latency (absolute) |  Interval | Pipeline|
        |             Instance            |        Module        |   min   |   max   |    min   |    max   | min | max |   Type  |
        +---------------------------------+----------------------+---------+---------+----------+----------+-----+-----+---------+
        |grp_pow_generic_double_s_fu_111  |pow_generic_double_s  |       87|       87|  0.870 us|  0.870 us|    1|    1|      yes|
        +---------------------------------+----------------------+---------+---------+----------+----------+-----+-----+---------+

        * Loop: 
        +-------------------+---------+---------+----------+-----------+-----------+-------+----------+
        |                   |  Latency (cycles) | Iteration|  Initiation Interval  |  Trip |          |
        |     Loop Name     |   min   |   max   |  Latency |  achieved |   target  | Count | Pipelined|
        +-------------------+---------+---------+----------+-----------+-----------+-------+----------+
        |- VITIS_LOOP_70_3  |    17143|    17143|        97|          1|          1|  17048|       yes|
        +-------------------+---------+---------+----------+-----------+-----------+-------+----------+



================================================================
== Utilization Estimates
================================================================
* Summary: 
+-----------------+---------+----+-------+-------+-----+
|       Name      | BRAM_18K| DSP|   FF  |  LUT  | URAM|
+-----------------+---------+----+-------+-------+-----+
|DSP              |        -|   -|      -|      -|    -|
|Expression       |        -|   -|      0|     42|    -|
|FIFO             |        -|   -|      -|      -|    -|
|Instance         |        -|   -|      -|      -|    -|
|Memory           |        -|   -|      -|      -|    -|
|Multiplexer      |        -|   -|      -|     36|    -|
|Register         |        -|   -|    480|     32|    -|
+-----------------+---------+----+-------+-------+-----+
|Total            |        0|   0|    480|    110|    0|
+-----------------+---------+----+-------+-------+-----+
|Available        |      100|  66|  28800|  14400|    0|
+-----------------+---------+----+-------+-------+-----+
|Utilization (%)  |        0|   0|      1|     ~0|    0|
+-----------------+---------+----+-------+-------+-----+

+ Detail: 
    * Instance: 
    N/A

    * DSP: 
    N/A

    * Memory: 
    N/A

    * FIFO: 
    N/A

    * Expression: 
    +---------------------+----------+----+---+----+------------+------------+
    |    Variable Name    | Operation| DSP| FF| LUT| Bitwidth P0| Bitwidth P1|
    +---------------------+----------+----+---+----+------------+------------+
    |add_ln70_fu_160_p2   |         +|   0|  0|  20|          15|           1|
    |icmp_ln70_fu_154_p2  |      icmp|   0|  0|  20|          15|          15|
    |ap_enable_pp0        |       xor|   0|  0|   2|           1|           2|
    +---------------------+----------+----+---+----+------------+------------+
    |Total                |          |   0|  0|  42|          31|          18|
    +---------------------+----------+----+---+----+------------+------------+

    * Multiplexer: 
    +-------------------------+----+-----------+-----+-----------+
    |           Name          | LUT| Input Size| Bits| Total Bits|
    +-------------------------+----+-----------+-----+-----------+
    |ap_done_int              |   9|          2|    1|          2|
    |ap_enable_reg_pp0_iter1  |   9|          2|    1|          2|
    |ap_sig_allocacmp_i_2     |   9|          2|   15|         30|
    |i_fu_62                  |   9|          2|   15|         30|
    +-------------------------+----+-----------+-----+-----------+
    |Total                    |  36|          8|   32|         64|
    +-------------------------+----+-----------+-----+-----------+

    * Register: 
    +----------------------------------------------+----+----+-----+-----------+
    |                     Name                     | FF | LUT| Bits| Const Bits|
    +----------------------------------------------+----+----+-----+-----------+
    |ap_CS_fsm                                     |   1|   0|    1|          0|
    |ap_done_reg                                   |   1|   0|    1|          0|
    |ap_enable_reg_pp0_iter1                       |   1|   0|    1|          0|
    |ap_enable_reg_pp0_iter10                      |   1|   0|    1|          0|
    |ap_enable_reg_pp0_iter11                      |   1|   0|    1|          0|
    |ap_enable_reg_pp0_iter12                      |   1|   0|    1|          0|
    |ap_enable_reg_pp0_iter13                      |   1|   0|    1|          0|
    |ap_enable_reg_pp0_iter14                      |   1|   0|    1|          0|
    |ap_enable_reg_pp0_iter15                      |   1|   0|    1|          0|
    |ap_enable_reg_pp0_iter16                      |   1|   0|    1|          0|
    |ap_enable_reg_pp0_iter17                      |   1|   0|    1|          0|
    |ap_enable_reg_pp0_iter18                      |   1|   0|    1|          0|
    |ap_enable_reg_pp0_iter19                      |   1|   0|    1|          0|
    |ap_enable_reg_pp0_iter2                       |   1|   0|    1|          0|
    |ap_enable_reg_pp0_iter20                      |   1|   0|    1|          0|
    |ap_enable_reg_pp0_iter21                      |   1|   0|    1|          0|
    |ap_enable_reg_pp0_iter22                      |   1|   0|    1|          0|
    |ap_enable_reg_pp0_iter23                      |   1|   0|    1|          0|
    |ap_enable_reg_pp0_iter24                      |   1|   0|    1|          0|
    |ap_enable_reg_pp0_iter25                      |   1|   0|    1|          0|
    |ap_enable_reg_pp0_iter26                      |   1|   0|    1|          0|
    |ap_enable_reg_pp0_iter27                      |   1|   0|    1|          0|
    |ap_enable_reg_pp0_iter28                      |   1|   0|    1|          0|
    |ap_enable_reg_pp0_iter29                      |   1|   0|    1|          0|
    |ap_enable_reg_pp0_iter3                       |   1|   0|    1|          0|
    |ap_enable_reg_pp0_iter30                      |   1|   0|    1|          0|
    |ap_enable_reg_pp0_iter31                      |   1|   0|    1|          0|
    |ap_enable_reg_pp0_iter32                      |   1|   0|    1|          0|
    |ap_enable_reg_pp0_iter33                      |   1|   0|    1|          0|
    |ap_enable_reg_pp0_iter34                      |   1|   0|    1|          0|
    |ap_enable_reg_pp0_iter35                      |   1|   0|    1|          0|
    |ap_enable_reg_pp0_iter36                      |   1|   0|    1|          0|
    |ap_enable_reg_pp0_iter37                      |   1|   0|    1|          0|
    |ap_enable_reg_pp0_iter38                      |   1|   0|    1|          0|
    |ap_enable_reg_pp0_iter39                      |   1|   0|    1|          0|
    |ap_enable_reg_pp0_iter4                       |   1|   0|    1|          0|
    |ap_enable_reg_pp0_iter40                      |   1|   0|    1|          0|
    |ap_enable_reg_pp0_iter41                      |   1|   0|    1|          0|
    |ap_enable_reg_pp0_iter42                      |   1|   0|    1|          0|
    |ap_enable_reg_pp0_iter43                      |   1|   0|    1|          0|
    |ap_enable_reg_pp0_iter44                      |   1|   0|    1|          0|
    |ap_enable_reg_pp0_iter45                      |   1|   0|    1|          0|
    |ap_enable_reg_pp0_iter46                      |   1|   0|    1|          0|
    |ap_enable_reg_pp0_iter47                      |   1|   0|    1|          0|
    |ap_enable_reg_pp0_iter48                      |   1|   0|    1|          0|
    |ap_enable_reg_pp0_iter49                      |   1|   0|    1|          0|
    |ap_enable_reg_pp0_iter5                       |   1|   0|    1|          0|
    |ap_enable_reg_pp0_iter50                      |   1|   0|    1|          0|
    |ap_enable_reg_pp0_iter51                      |   1|   0|    1|          0|
    |ap_enable_reg_pp0_iter52                      |   1|   0|    1|          0|
    |ap_enable_reg_pp0_iter53                      |   1|   0|    1|          0|
    |ap_enable_reg_pp0_iter54                      |   1|   0|    1|          0|
    |ap_enable_reg_pp0_iter55                      |   1|   0|    1|          0|
    |ap_enable_reg_pp0_iter56                      |   1|   0|    1|          0|
    |ap_enable_reg_pp0_iter57                      |   1|   0|    1|          0|
    |ap_enable_reg_pp0_iter58                      |   1|   0|    1|          0|
    |ap_enable_reg_pp0_iter59                      |   1|   0|    1|          0|
    |ap_enable_reg_pp0_iter6                       |   1|   0|    1|          0|
    |ap_enable_reg_pp0_iter60                      |   1|   0|    1|          0|
    |ap_enable_reg_pp0_iter61                      |   1|   0|    1|          0|
    |ap_enable_reg_pp0_iter62                      |   1|   0|    1|          0|
    |ap_enable_reg_pp0_iter63                      |   1|   0|    1|          0|
    |ap_enable_reg_pp0_iter64                      |   1|   0|    1|          0|
    |ap_enable_reg_pp0_iter65                      |   1|   0|    1|          0|
    |ap_enable_reg_pp0_iter66                      |   1|   0|    1|          0|
    |ap_enable_reg_pp0_iter67                      |   1|   0|    1|          0|
    |ap_enable_reg_pp0_iter68                      |   1|   0|    1|          0|
    |ap_enable_reg_pp0_iter69                      |   1|   0|    1|          0|
    |ap_enable_reg_pp0_iter7                       |   1|   0|    1|          0|
    |ap_enable_reg_pp0_iter70                      |   1|   0|    1|          0|
    |ap_enable_reg_pp0_iter71                      |   1|   0|    1|          0|
    |ap_enable_reg_pp0_iter72                      |   1|   0|    1|          0|
    |ap_enable_reg_pp0_iter73                      |   1|   0|    1|          0|
    |ap_enable_reg_pp0_iter74                      |   1|   0|    1|          0|
    |ap_enable_reg_pp0_iter75                      |   1|   0|    1|          0|
    |ap_enable_reg_pp0_iter76                      |   1|   0|    1|          0|
    |ap_enable_reg_pp0_iter77                      |   1|   0|    1|          0|
    |ap_enable_reg_pp0_iter78                      |   1|   0|    1|          0|
    |ap_enable_reg_pp0_iter79                      |   1|   0|    1|          0|
    |ap_enable_reg_pp0_iter8                       |   1|   0|    1|          0|
    |ap_enable_reg_pp0_iter80                      |   1|   0|    1|          0|
    |ap_enable_reg_pp0_iter81                      |   1|   0|    1|          0|
    |ap_enable_reg_pp0_iter82                      |   1|   0|    1|          0|
    |ap_enable_reg_pp0_iter83                      |   1|   0|    1|          0|
    |ap_enable_reg_pp0_iter84                      |   1|   0|    1|          0|
    |ap_enable_reg_pp0_iter85                      |   1|   0|    1|          0|
    |ap_enable_reg_pp0_iter86                      |   1|   0|    1|          0|
    |ap_enable_reg_pp0_iter87                      |   1|   0|    1|          0|
    |ap_enable_reg_pp0_iter88                      |   1|   0|    1|          0|
    |ap_enable_reg_pp0_iter89                      |   1|   0|    1|          0|
    |ap_enable_reg_pp0_iter9                       |   1|   0|    1|          0|
    |ap_enable_reg_pp0_iter90                      |   1|   0|    1|          0|
    |ap_enable_reg_pp0_iter91                      |   1|   0|    1|          0|
    |ap_enable_reg_pp0_iter92                      |   1|   0|    1|          0|
    |ap_enable_reg_pp0_iter93                      |   1|   0|    1|          0|
    |ap_enable_reg_pp0_iter94                      |   1|   0|    1|          0|
    |ap_enable_reg_pp0_iter95                      |   1|   0|    1|          0|
    |ap_enable_reg_pp0_iter96                      |   1|   0|    1|          0|
    |ap_loop_exit_ready_pp0_iter10_reg             |   1|   0|    1|          0|
    |ap_loop_exit_ready_pp0_iter11_reg             |   1|   0|    1|          0|
    |ap_loop_exit_ready_pp0_iter12_reg             |   1|   0|    1|          0|
    |ap_loop_exit_ready_pp0_iter13_reg             |   1|   0|    1|          0|
    |ap_loop_exit_ready_pp0_iter14_reg             |   1|   0|    1|          0|
    |ap_loop_exit_ready_pp0_iter15_reg             |   1|   0|    1|          0|
    |ap_loop_exit_ready_pp0_iter16_reg             |   1|   0|    1|          0|
    |ap_loop_exit_ready_pp0_iter17_reg             |   1|   0|    1|          0|
    |ap_loop_exit_ready_pp0_iter18_reg             |   1|   0|    1|          0|
    |ap_loop_exit_ready_pp0_iter19_reg             |   1|   0|    1|          0|
    |ap_loop_exit_ready_pp0_iter1_reg              |   1|   0|    1|          0|
    |ap_loop_exit_ready_pp0_iter20_reg             |   1|   0|    1|          0|
    |ap_loop_exit_ready_pp0_iter21_reg             |   1|   0|    1|          0|
    |ap_loop_exit_ready_pp0_iter22_reg             |   1|   0|    1|          0|
    |ap_loop_exit_ready_pp0_iter23_reg             |   1|   0|    1|          0|
    |ap_loop_exit_ready_pp0_iter24_reg             |   1|   0|    1|          0|
    |ap_loop_exit_ready_pp0_iter25_reg             |   1|   0|    1|          0|
    |ap_loop_exit_ready_pp0_iter26_reg             |   1|   0|    1|          0|
    |ap_loop_exit_ready_pp0_iter27_reg             |   1|   0|    1|          0|
    |ap_loop_exit_ready_pp0_iter28_reg             |   1|   0|    1|          0|
    |ap_loop_exit_ready_pp0_iter29_reg             |   1|   0|    1|          0|
    |ap_loop_exit_ready_pp0_iter2_reg              |   1|   0|    1|          0|
    |ap_loop_exit_ready_pp0_iter30_reg             |   1|   0|    1|          0|
    |ap_loop_exit_ready_pp0_iter31_reg             |   1|   0|    1|          0|
    |ap_loop_exit_ready_pp0_iter32_reg             |   1|   0|    1|          0|
    |ap_loop_exit_ready_pp0_iter33_reg             |   1|   0|    1|          0|
    |ap_loop_exit_ready_pp0_iter34_reg             |   1|   0|    1|          0|
    |ap_loop_exit_ready_pp0_iter35_reg             |   1|   0|    1|          0|
    |ap_loop_exit_ready_pp0_iter36_reg             |   1|   0|    1|          0|
    |ap_loop_exit_ready_pp0_iter37_reg             |   1|   0|    1|          0|
    |ap_loop_exit_ready_pp0_iter38_reg             |   1|   0|    1|          0|
    |ap_loop_exit_ready_pp0_iter39_reg             |   1|   0|    1|          0|
    |ap_loop_exit_ready_pp0_iter3_reg              |   1|   0|    1|          0|
    |ap_loop_exit_ready_pp0_iter40_reg             |   1|   0|    1|          0|
    |ap_loop_exit_ready_pp0_iter41_reg             |   1|   0|    1|          0|
    |ap_loop_exit_ready_pp0_iter42_reg             |   1|   0|    1|          0|
    |ap_loop_exit_ready_pp0_iter43_reg             |   1|   0|    1|          0|
    |ap_loop_exit_ready_pp0_iter44_reg             |   1|   0|    1|          0|
    |ap_loop_exit_ready_pp0_iter45_reg             |   1|   0|    1|          0|
    |ap_loop_exit_ready_pp0_iter46_reg             |   1|   0|    1|          0|
    |ap_loop_exit_ready_pp0_iter47_reg             |   1|   0|    1|          0|
    |ap_loop_exit_ready_pp0_iter48_reg             |   1|   0|    1|          0|
    |ap_loop_exit_ready_pp0_iter49_reg             |   1|   0|    1|          0|
    |ap_loop_exit_ready_pp0_iter4_reg              |   1|   0|    1|          0|
    |ap_loop_exit_ready_pp0_iter50_reg             |   1|   0|    1|          0|
    |ap_loop_exit_ready_pp0_iter51_reg             |   1|   0|    1|          0|
    |ap_loop_exit_ready_pp0_iter52_reg             |   1|   0|    1|          0|
    |ap_loop_exit_ready_pp0_iter53_reg             |   1|   0|    1|          0|
    |ap_loop_exit_ready_pp0_iter54_reg             |   1|   0|    1|          0|
    |ap_loop_exit_ready_pp0_iter55_reg             |   1|   0|    1|          0|
    |ap_loop_exit_ready_pp0_iter56_reg             |   1|   0|    1|          0|
    |ap_loop_exit_ready_pp0_iter57_reg             |   1|   0|    1|          0|
    |ap_loop_exit_ready_pp0_iter58_reg             |   1|   0|    1|          0|
    |ap_loop_exit_ready_pp0_iter59_reg             |   1|   0|    1|          0|
    |ap_loop_exit_ready_pp0_iter5_reg              |   1|   0|    1|          0|
    |ap_loop_exit_ready_pp0_iter60_reg             |   1|   0|    1|          0|
    |ap_loop_exit_ready_pp0_iter61_reg             |   1|   0|    1|          0|
    |ap_loop_exit_ready_pp0_iter62_reg             |   1|   0|    1|          0|
    |ap_loop_exit_ready_pp0_iter63_reg             |   1|   0|    1|          0|
    |ap_loop_exit_ready_pp0_iter64_reg             |   1|   0|    1|          0|
    |ap_loop_exit_ready_pp0_iter65_reg             |   1|   0|    1|          0|
    |ap_loop_exit_ready_pp0_iter66_reg             |   1|   0|    1|          0|
    |ap_loop_exit_ready_pp0_iter67_reg             |   1|   0|    1|          0|
    |ap_loop_exit_ready_pp0_iter68_reg             |   1|   0|    1|          0|
    |ap_loop_exit_ready_pp0_iter69_reg             |   1|   0|    1|          0|
    |ap_loop_exit_ready_pp0_iter6_reg              |   1|   0|    1|          0|
    |ap_loop_exit_ready_pp0_iter70_reg             |   1|   0|    1|          0|
    |ap_loop_exit_ready_pp0_iter71_reg             |   1|   0|    1|          0|
    |ap_loop_exit_ready_pp0_iter72_reg             |   1|   0|    1|          0|
    |ap_loop_exit_ready_pp0_iter73_reg             |   1|   0|    1|          0|
    |ap_loop_exit_ready_pp0_iter74_reg             |   1|   0|    1|          0|
    |ap_loop_exit_ready_pp0_iter75_reg             |   1|   0|    1|          0|
    |ap_loop_exit_ready_pp0_iter76_reg             |   1|   0|    1|          0|
    |ap_loop_exit_ready_pp0_iter77_reg             |   1|   0|    1|          0|
    |ap_loop_exit_ready_pp0_iter78_reg             |   1|   0|    1|          0|
    |ap_loop_exit_ready_pp0_iter79_reg             |   1|   0|    1|          0|
    |ap_loop_exit_ready_pp0_iter7_reg              |   1|   0|    1|          0|
    |ap_loop_exit_ready_pp0_iter80_reg             |   1|   0|    1|          0|
    |ap_loop_exit_ready_pp0_iter81_reg             |   1|   0|    1|          0|
    |ap_loop_exit_ready_pp0_iter82_reg             |   1|   0|    1|          0|
    |ap_loop_exit_ready_pp0_iter83_reg             |   1|   0|    1|          0|
    |ap_loop_exit_ready_pp0_iter84_reg             |   1|   0|    1|          0|
    |ap_loop_exit_ready_pp0_iter85_reg             |   1|   0|    1|          0|
    |ap_loop_exit_ready_pp0_iter86_reg             |   1|   0|    1|          0|
    |ap_loop_exit_ready_pp0_iter87_reg             |   1|   0|    1|          0|
    |ap_loop_exit_ready_pp0_iter88_reg             |   1|   0|    1|          0|
    |ap_loop_exit_ready_pp0_iter89_reg             |   1|   0|    1|          0|
    |ap_loop_exit_ready_pp0_iter8_reg              |   1|   0|    1|          0|
    |ap_loop_exit_ready_pp0_iter90_reg             |   1|   0|    1|          0|
    |ap_loop_exit_ready_pp0_iter91_reg             |   1|   0|    1|          0|
    |ap_loop_exit_ready_pp0_iter92_reg             |   1|   0|    1|          0|
    |ap_loop_exit_ready_pp0_iter93_reg             |   1|   0|    1|          0|
    |ap_loop_exit_ready_pp0_iter94_reg             |   1|   0|    1|          0|
    |ap_loop_exit_ready_pp0_iter95_reg             |   1|   0|    1|          0|
    |ap_loop_exit_ready_pp0_iter9_reg              |   1|   0|    1|          0|
    |grp_pow_generic_double_s_fu_111_ap_start_reg  |   1|   0|    1|          0|
    |i_fu_62                                       |  15|   0|   15|          0|
    |input_data_R_load_reg_208                     |  64|   0|   64|          0|
    |mul_reg_218                                   |  64|   0|   64|          0|
    |tmp_6_reg_213                                 |  64|   0|   64|          0|
    |zext_ln70_reg_192                             |  15|   0|   64|         49|
    |zext_ln70_reg_192                             |  64|  32|   64|         49|
    +----------------------------------------------+----+----+-----+-----------+
    |Total                                         | 480|  32|  529|         98|
    +----------------------------------------------+----+----+-----+-----------+



================================================================
== Interface
================================================================
* Summary: 
+-----------------------------------------+-----+-----+------------+-------------------------------------------+--------------+
|                RTL Ports                | Dir | Bits|  Protocol  |               Source Object               |    C Type    |
+-----------------------------------------+-----+-----+------------+-------------------------------------------+--------------+
|ap_clk                                   |   in|    1|  ap_ctrl_hs|  loop_uhat_sparse_Pipeline_VITIS_LOOP_70_3|  return value|
|ap_rst                                   |   in|    1|  ap_ctrl_hs|  loop_uhat_sparse_Pipeline_VITIS_LOOP_70_3|  return value|
|ap_start                                 |   in|    1|  ap_ctrl_hs|  loop_uhat_sparse_Pipeline_VITIS_LOOP_70_3|  return value|
|ap_done                                  |  out|    1|  ap_ctrl_hs|  loop_uhat_sparse_Pipeline_VITIS_LOOP_70_3|  return value|
|ap_idle                                  |  out|    1|  ap_ctrl_hs|  loop_uhat_sparse_Pipeline_VITIS_LOOP_70_3|  return value|
|ap_ready                                 |  out|    1|  ap_ctrl_hs|  loop_uhat_sparse_Pipeline_VITIS_LOOP_70_3|  return value|
|grp_fu_380_p_din0                        |  out|   64|  ap_ctrl_hs|  loop_uhat_sparse_Pipeline_VITIS_LOOP_70_3|  return value|
|grp_fu_380_p_din1                        |  out|   64|  ap_ctrl_hs|  loop_uhat_sparse_Pipeline_VITIS_LOOP_70_3|  return value|
|grp_fu_380_p_dout0                       |   in|   64|  ap_ctrl_hs|  loop_uhat_sparse_Pipeline_VITIS_LOOP_70_3|  return value|
|grp_fu_380_p_ce                          |  out|    1|  ap_ctrl_hs|  loop_uhat_sparse_Pipeline_VITIS_LOOP_70_3|  return value|
|grp_pow_generic_double_s_fu_344_p_din1   |  out|   64|  ap_ctrl_hs|  loop_uhat_sparse_Pipeline_VITIS_LOOP_70_3|  return value|
|grp_pow_generic_double_s_fu_344_p_din2   |  out|   64|  ap_ctrl_hs|  loop_uhat_sparse_Pipeline_VITIS_LOOP_70_3|  return value|
|grp_pow_generic_double_s_fu_344_p_dout0  |   in|   64|  ap_ctrl_hs|  loop_uhat_sparse_Pipeline_VITIS_LOOP_70_3|  return value|
|grp_pow_generic_double_s_fu_344_p_start  |  out|    1|  ap_ctrl_hs|  loop_uhat_sparse_Pipeline_VITIS_LOOP_70_3|  return value|
|grp_pow_generic_double_s_fu_344_p_ready  |   in|    1|  ap_ctrl_hs|  loop_uhat_sparse_Pipeline_VITIS_LOOP_70_3|  return value|
|grp_pow_generic_double_s_fu_344_p_done   |   in|    1|  ap_ctrl_hs|  loop_uhat_sparse_Pipeline_VITIS_LOOP_70_3|  return value|
|grp_pow_generic_double_s_fu_344_p_idle   |   in|    1|  ap_ctrl_hs|  loop_uhat_sparse_Pipeline_VITIS_LOOP_70_3|  return value|
|input_data_R_address0                    |  out|   15|   ap_memory|                               input_data_R|         array|
|input_data_R_ce0                         |  out|    1|   ap_memory|                               input_data_R|         array|
|input_data_R_q0                          |   in|   64|   ap_memory|                               input_data_R|         array|
|output_data_address0                     |  out|   15|   ap_memory|                                output_data|         array|
|output_data_ce0                          |  out|    1|   ap_memory|                                output_data|         array|
|output_data_q0                           |   in|   64|   ap_memory|                                output_data|         array|
|R_exp                                    |   in|   64|     ap_none|                                      R_exp|        scalar|
|integral_address0                        |  out|   15|   ap_memory|                                   integral|         array|
|integral_ce0                             |  out|    1|   ap_memory|                                   integral|         array|
|integral_we0                             |  out|    1|   ap_memory|                                   integral|         array|
|integral_d0                              |  out|   64|   ap_memory|                                   integral|         array|
+-----------------------------------------+-----+-----+------------+-------------------------------------------+--------------+

