

================================================================
== Vitis HLS Report for 'pow_generic_double_s'
================================================================
* Date:           Fri Aug  2 15:04:18 2024

* Version:        2023.2 (Build 4023990 on Oct 11 2023)
* Project:        sparsefpgaimp
* Solution:       loop_uhat_sparse_imp (Vivado IP Flow Target)
* Product family: zynq
* Target device:  xc7z007s-clg400-1


================================================================
== Performance Estimates
================================================================
+ Timing: 
    * Summary: 
    +--------+----------+----------+------------+
    |  Clock |  Target  | Estimated| Uncertainty|
    +--------+----------+----------+------------+
    |ap_clk  |  10.00 ns|  7.289 ns|     2.70 ns|
    +--------+----------+----------+------------+

+ Latency: 
    * Summary: 
    +---------+---------+----------+----------+-----+-----+---------+
    |  Latency (cycles) |  Latency (absolute) |  Interval | Pipeline|
    |   min   |   max   |    min   |    max   | min | max |   Type  |
    +---------+---------+----------+----------+-----+-----+---------+
    |       87|       87|  0.870 us|  0.870 us|    1|    1|      yes|
    +---------+---------+----------+----------+-----+-----+---------+

    + Detail: 
        * Instance: 
        N/A

        * Loop: 
        N/A



================================================================
== Utilization Estimates
================================================================
* Summary: 
+-----------------+---------+-----+-------+-------+-----+
|       Name      | BRAM_18K| DSP |   FF  |  LUT  | URAM|
+-----------------+---------+-----+-------+-------+-----+
|DSP              |        -|    1|      -|      -|    -|
|Expression       |        -|    -|      0|   8535|    -|
|FIFO             |        -|    -|      -|      -|    -|
|Instance         |        -|   84|   5935|   3118|    -|
|Memory           |       30|    -|      6|      6|    -|
|Multiplexer      |        -|    -|      -|      -|    -|
|Register         |        -|    -|   8880|   1760|    -|
+-----------------+---------+-----+-------+-------+-----+
|Total            |       30|   85|  14821|  13419|    0|
+-----------------+---------+-----+-------+-------+-----+
|Available        |      100|   66|  28800|  14400|    0|
+-----------------+---------+-----+-------+-------+-----+
|Utilization (%)  |       30|  128|     51|     93|    0|
+-----------------+---------+-----+-------+-------+-----+

+ Detail: 
    * Instance: 
    +---------------------------+-----------------------+---------+----+-----+-----+-----+
    |          Instance         |         Module        | BRAM_18K| DSP|  FF | LUT | URAM|
    +---------------------------+-----------------------+---------+----+-----+-----+-----+
    |mul_12s_80ns_90_5_1_U12    |mul_12s_80ns_90_5_1    |        0|   5|  441|  256|    0|
    |mul_13s_71s_71_5_1_U13     |mul_13s_71s_71_5_1     |        0|   4|  441|  256|    0|
    |mul_40ns_40ns_80_2_1_U14   |mul_40ns_40ns_80_2_1   |        0|   5|  197|   81|    0|
    |mul_43ns_36ns_79_3_1_U15   |mul_43ns_36ns_79_3_1   |        0|   6|  230|  147|    0|
    |mul_49ns_44ns_93_5_1_U16   |mul_49ns_44ns_93_5_1   |        0|   9|  334|   84|    0|
    |mul_50ns_50ns_100_5_1_U17  |mul_50ns_50ns_100_5_1  |        0|   9|  340|   86|    0|
    |mul_54s_6ns_54_5_1_U18     |mul_54s_6ns_54_5_1     |        0|   3|  424|  160|    0|
    |mul_71ns_4ns_75_5_1_U26    |mul_71ns_4ns_75_5_1    |        0|   0|  441|  256|    0|
    |mul_73ns_6ns_79_5_1_U19    |mul_73ns_6ns_79_5_1    |        0|   4|  441|  256|    0|
    |mul_77ns_6ns_83_5_1_U20    |mul_77ns_6ns_83_5_1    |        0|   4|  441|  256|    0|
    |mul_77s_54s_130_5_1_U21    |mul_77s_54s_130_5_1    |        0|  15|  441|  256|    0|
    |mul_82ns_6ns_88_5_1_U22    |mul_82ns_6ns_88_5_1    |        0|   5|  441|  256|    0|
    |mul_83ns_6ns_89_5_1_U23    |mul_83ns_6ns_89_5_1    |        0|   5|  441|  256|    0|
    |mul_87ns_6ns_93_5_1_U24    |mul_87ns_6ns_93_5_1    |        0|   5|  441|  256|    0|
    |mul_92ns_6ns_98_5_1_U25    |mul_92ns_6ns_98_5_1    |        0|   5|  441|  256|    0|
    +---------------------------+-----------------------+---------+----+-----+-----+-----+
    |Total                      |                       |        0|  84| 5935| 3118|    0|
    +---------------------------+-----------------------+---------+----+-----+-----+-----+

    * DSP: 
    +------------------------------------+--------------------------------+--------------+
    |              Instance              |             Module             |  Expression  |
    +------------------------------------+--------------------------------+--------------+
    |mac_muladd_16s_15ns_19s_31_4_1_U27  |mac_muladd_16s_15ns_19s_31_4_1  |  i0 + i1 * i2|
    +------------------------------------+--------------------------------+--------------+

    * Memory: 
    +-------------------------------------------------------------------------+----------------------------------------------------------------------------------+---------+---+----+-----+------+-----+------+-------------+
    |                                  Memory                                 |                                      Module                                      | BRAM_18K| FF| LUT| URAM| Words| Bits| Banks| W*Bits*Banks|
    +-------------------------------------------------------------------------+----------------------------------------------------------------------------------+---------+---+----+-----+------+-----+------+-------------+
    |pow_reduce_anonymous_namespace_log0_lut_table_array_U                    |pow_generic_double_s_pow_reduce_anonymous_namespace_log0_lut_table_array_ROM_cud  |        4|  0|   0|    0|    64|  109|     1|         6976|
    |pow_reduce_anonymous_namespace_log_inverse_lut_table_pow_0_5_64_array_U  |pow_generic_double_s_pow_reduce_anonymous_namespace_log_inverse_lut_table_powbkb  |        0|  6|   6|    0|    64|    6|     1|          384|
    |pow_reduce_anonymous_namespace_log_lut_table_ap_fixed_12_6_64_array_U    |pow_generic_double_s_pow_reduce_anonymous_namespace_log_lut_table_ap_fixed_12fYi  |        3|  0|   0|    0|    64|   97|     1|         6208|
    |pow_reduce_anonymous_namespace_log_lut_table_ap_fixed_17_6_64_array_U    |pow_generic_double_s_pow_reduce_anonymous_namespace_log_lut_table_ap_fixed_17g8j  |        3|  0|   0|    0|    64|   92|     1|         5888|
    |pow_reduce_anonymous_namespace_log_lut_table_ap_fixed_22_6_64_array_U    |pow_generic_double_s_pow_reduce_anonymous_namespace_log_lut_table_ap_fixed_22hbi  |        3|  0|   0|    0|    64|   87|     1|         5568|
    |pow_reduce_anonymous_namespace_log_lut_table_ap_fixed_27_6_64_array_U    |pow_generic_double_s_pow_reduce_anonymous_namespace_log_lut_table_ap_fixed_27ibs  |        3|  0|   0|    0|    64|   82|     1|         5248|
    |pow_reduce_anonymous_namespace_log_lut_table_ap_fixed_32_6_64_array_U    |pow_generic_double_s_pow_reduce_anonymous_namespace_log_lut_table_ap_fixed_32jbC  |        3|  0|   0|    0|    64|   77|     1|         4928|
    |pow_reduce_anonymous_namespace_log_lut_table_ap_fixed_4_4_16_array_U     |pow_generic_double_s_pow_reduce_anonymous_namespace_log_lut_table_ap_fixed_4_dEe  |        3|  0|   0|    0|    16|  105|     1|         1680|
    |pow_reduce_anonymous_namespace_log_lut_table_ap_fixed_7_6_64_array_U     |pow_generic_double_s_pow_reduce_anonymous_namespace_log_lut_table_ap_fixed_7_eOg  |        3|  0|   0|    0|    64|  102|     1|         6528|
    |pow_reduce_anonymous_namespace_table_exp_Z1_ap_ufixed_array_U            |pow_generic_double_s_pow_reduce_anonymous_namespace_table_exp_Z1_ap_ufixed_arkbM  |        2|  0|   0|    0|   256|   58|     1|        14848|
    |pow_reduce_anonymous_namespace_table_f_Z2_ap_ufixed_array_U              |pow_generic_double_s_pow_reduce_anonymous_namespace_table_f_Z2_ap_ufixed_arramb6  |        2|  0|   0|    0|   256|   42|     1|        10752|
    |pow_reduce_anonymous_namespace_table_f_Z3_ap_ufixed_array_U              |pow_generic_double_s_pow_reduce_anonymous_namespace_table_f_Z3_ap_ufixed_arralbW  |        1|  0|   0|    0|   256|   26|     1|         6656|
    +-------------------------------------------------------------------------+----------------------------------------------------------------------------------+---------+---+----+-----+------+-----+------+-------------+
    |Total                                                                    |                                                                                  |       30|  6|   6|    0|  1296|  883|    12|        75664|
    +-------------------------------------------------------------------------+----------------------------------------------------------------------------------+---------+---+----+-----+------+-----+------+-------------+

    * FIFO: 
    N/A

    * Expression: 
    +----------------------------+----------+----+---+-----+------------+------------+
    |        Variable Name       | Operation| DSP| FF| LUT | Bitwidth P0| Bitwidth P1|
    +----------------------------+----------+----+---+-----+------------+------------+
    |add_ln209_1_fu_1467_p2      |         +|   0|  0|  110|         103|         103|
    |add_ln209_2_fu_1564_p2      |         +|   0|  0|  109|         109|         109|
    |add_ln209_3_fu_1473_p2      |         +|   0|  0|   93|          93|          93|
    |add_ln209_4_fu_1436_p2      |         +|   0|  0|   90|          83|          83|
    |add_ln209_5_fu_1482_p2      |         +|   0|  0|   93|          93|          93|
    |add_ln209_fu_1462_p2        |         +|   0|  0|  116|         109|         109|
    |add_ln265_fu_2405_p2        |         +|   0|  0|   43|          36|          36|
    |add_ln280_fu_2478_p2        |         +|   0|  0|   51|          44|          44|
    |add_ln373_fu_1537_p2        |         +|   0|  0|   14|           6|           1|
    |add_ln44_1_fu_895_p2        |         +|   0|  0|   82|          82|          82|
    |add_ln44_2_fu_972_p2        |         +|   0|  0|  102|         102|         102|
    |add_ln44_3_fu_1059_p2       |         +|   0|  0|  121|         121|         121|
    |add_ln44_4_fu_1142_p2       |         +|   0|  0|  126|         126|         126|
    |add_ln44_5_fu_1225_p2       |         +|   0|  0|  131|         131|         131|
    |add_ln44_6_fu_1300_p2       |         +|   0|  0|  143|         136|         136|
    |add_ln44_fu_816_p2          |         +|   0|  0|   76|          76|          76|
    |add_ln525_1_fu_1652_p2      |         +|   0|  0|  120|         120|         120|
    |add_ln525_fu_1643_p2        |         +|   0|  0|  120|         120|         120|
    |add_ln563_1_fu_2251_p2      |         +|   0|  0|   14|          13|           1|
    |add_ln616_1_fu_2536_p2      |         +|   0|  0|  114|         107|         107|
    |add_ln616_fu_2521_p2        |         +|   0|  0|   65|          58|           5|
    |b_exp_1_fu_1347_p2          |         +|   0|  0|   12|          12|          11|
    |b_exp_fu_1317_p2            |         +|   0|  0|   12|          12|          11|
    |exp_Z1P_m_1_l_fu_2487_p2    |         +|   0|  0|   59|          52|          52|
    |exp_Z2P_m_1_fu_2414_p2      |         +|   0|  0|   51|          44|          44|
    |exp_Z4_m_1_fu_2362_p2       |         +|   0|  0|   43|          36|          36|
    |log_sum_1_fu_1572_p2        |         +|   0|  0|  109|         109|         109|
    |m_exp_fu_1692_p2            |         +|   0|  0|   12|          12|          11|
    |out_exp_fu_2644_p2          |         +|   0|  0|   12|          11|          10|
    |r_exp_1_fu_2550_p2          |         +|   0|  0|   14|          13|           2|
    |e_frac_1_fu_1679_p2         |         -|   0|  0|   61|           1|          54|
    |m_diff_fu_2287_p2           |         -|   0|  0|   66|          59|          59|
    |sub_ln422_fu_1543_p2        |         -|   0|  0|   12|          11|          12|
    |sub_ln44_1_fu_912_p2        |         -|   0|  0|   82|          82|          82|
    |sub_ln44_2_fu_989_p2        |         -|   0|  0|  102|         102|         102|
    |sub_ln44_3_fu_1076_p2       |         -|   0|  0|  121|         121|         121|
    |sub_ln44_4_fu_1159_p2       |         -|   0|  0|  126|         126|         126|
    |sub_ln44_5_fu_1242_p2       |         -|   0|  0|  131|         131|         131|
    |sub_ln44_6_fu_1399_p2       |         -|   0|  0|  143|         136|         136|
    |sub_ln44_fu_825_p2          |         -|   0|  0|   76|          76|          76|
    |sub_ln522_fu_1592_p2        |         -|   0|  0|  125|         118|         118|
    |sub_ln545_fu_2046_p2        |         -|   0|  0|   12|          10|          11|
    |and_ln342_1_fu_2709_p2      |       and|   0|  0|    2|           1|           1|
    |and_ln342_fu_2679_p2        |       and|   0|  0|    2|           1|           1|
    |and_ln373_fu_1622_p2        |       and|   0|  0|   52|          52|          52|
    |and_ln378_fu_1800_p2        |       and|   0|  0|    2|           1|           1|
    |and_ln386_1_fu_2674_p2      |       and|   0|  0|    2|           1|           1|
    |and_ln386_fu_1830_p2        |       and|   0|  0|    2|           1|           1|
    |and_ln422_1_fu_1913_p2      |       and|   0|  0|    2|           1|           1|
    |and_ln422_fu_1907_p2        |       and|   0|  0|    2|           1|           1|
    |and_ln431_1_fu_1938_p2      |       and|   0|  0|    2|           1|           1|
    |and_ln431_2_fu_1943_p2      |       and|   0|  0|    2|           1|           1|
    |and_ln431_3_fu_1949_p2      |       and|   0|  0|    2|           1|           1|
    |and_ln431_4_fu_2720_p2      |       and|   0|  0|    2|           1|           1|
    |and_ln431_5_fu_2734_p2      |       and|   0|  0|    2|           1|           1|
    |and_ln431_fu_1932_p2        |       and|   0|  0|    2|           1|           1|
    |and_ln438_1_fu_1990_p2      |       and|   0|  0|    2|           1|           1|
    |and_ln438_2_fu_1996_p2      |       and|   0|  0|    2|           1|           1|
    |and_ln438_3_fu_2001_p2      |       and|   0|  0|    2|           1|           1|
    |and_ln438_4_fu_2760_p2      |       and|   0|  0|    2|           1|           1|
    |and_ln438_5_fu_2772_p2      |       and|   0|  0|    2|           1|           1|
    |and_ln438_fu_1985_p2        |       and|   0|  0|    2|           1|           1|
    |and_ln628_1_fu_2776_p2      |       and|   0|  0|    2|           1|           1|
    |and_ln628_fu_2610_p2        |       and|   0|  0|    2|           1|           1|
    |and_ln629_1_fu_2794_p2      |       and|   0|  0|    2|           1|           1|
    |and_ln629_fu_2781_p2        |       and|   0|  0|    2|           1|           1|
    |and_ln645_1_fu_2817_p2      |       and|   0|  0|    2|           1|           1|
    |and_ln645_fu_2812_p2        |       and|   0|  0|    2|           1|           1|
    |r_sign_fu_1926_p2           |       and|   0|  0|    2|           1|           1|
    |x_is_1_fu_1702_p2           |       and|   0|  0|    2|           1|           1|
    |x_is_NaN_fu_1748_p2         |       and|   0|  0|    2|           1|           1|
    |x_is_inf_fu_1753_p2         |       and|   0|  0|    2|           1|           1|
    |x_is_n1_fu_1717_p2          |       and|   0|  0|    2|           1|           1|
    |x_is_neg_fu_1768_p2         |       and|   0|  0|    2|           1|           1|
    |x_is_p1_fu_1711_p2          |       and|   0|  0|    2|           1|           1|
    |y_is_NaN_fu_1737_p2         |       and|   0|  0|    2|           1|           1|
    |y_is_inf_fu_1727_p2         |       and|   0|  0|    2|           1|           1|
    |y_is_ninf_fu_1873_p2        |       and|   0|  0|    2|           1|           1|
    |y_is_pinf_fu_1867_p2        |       and|   0|  0|    2|           1|           1|
    |ashr_ln545_fu_2086_p2       |      ashr|   0|  0|  431|         130|         130|
    |ashr_ln546_fu_2197_p2       |      ashr|   0|  0|  431|         130|         130|
    |ashr_ln553_fu_2133_p2       |      ashr|   0|  0|  435|         131|         131|
    |icmp_ln18_1_fu_1608_p2      |      icmp|   0|  0|   59|          52|           1|
    |icmp_ln18_2_fu_1329_p2      |      icmp|   0|  0|   12|          11|           2|
    |icmp_ln18_fu_1722_p2        |      icmp|   0|  0|   12|          11|           2|
    |icmp_ln340_1_fu_697_p2      |      icmp|   0|  0|   59|          52|           1|
    |icmp_ln340_fu_1323_p2       |      icmp|   0|  0|   12|          12|           1|
    |icmp_ln372_fu_1773_p2       |      icmp|   0|  0|   12|          12|           6|
    |icmp_ln373_fu_1627_p2       |      icmp|   0|  0|   59|          52|           1|
    |icmp_ln386_fu_1856_p2       |      icmp|   0|  0|   10|           2|           1|
    |icmp_ln421_fu_1883_p2       |      icmp|   0|  0|   12|          12|           1|
    |icmp_ln422_1_fu_1895_p2     |      icmp|   0|  0|   12|          12|           6|
    |icmp_ln422_fu_1889_p2       |      icmp|   0|  0|   12|          12|           1|
    |icmp_ln431_fu_1979_p2       |      icmp|   0|  0|   10|           2|           1|
    |icmp_ln438_fu_2032_p2       |      icmp|   0|  0|   10|           2|           1|
    |icmp_ln563_fu_2245_p2       |      icmp|   0|  0|   25|          18|           1|
    |icmp_ln628_1_fu_2572_p2     |      icmp|   0|  0|   11|           3|           1|
    |icmp_ln628_fu_2210_p2       |      icmp|   0|  0|  137|         130|         130|
    |icmp_ln645_fu_2578_p2       |      icmp|   0|  0|   14|          13|          11|
    |x_is_0_fu_1334_p2           |      icmp|   0|  0|   12|          11|           1|
    |y_is_0_fu_1697_p2           |      icmp|   0|  0|   12|          11|           1|
    |lshr_ln373_fu_1616_p2       |      lshr|   0|  0|  157|           2|          52|
    |or_ln357_fu_1757_p2         |        or|   0|  0|    2|           1|           1|
    |or_ln373_fu_1787_p2         |        or|   0|  0|    2|           1|           1|
    |or_ln378_1_fu_1812_p2       |        or|   0|  0|    2|           1|           1|
    |or_ln378_fu_1806_p2         |        or|   0|  0|    2|           1|           1|
    |or_ln386_2_fu_1842_p2       |        or|   0|  0|    2|           1|           1|
    |or_ln386_3_fu_1836_p2       |        or|   0|  0|    2|           1|           1|
    |or_ln386_4_fu_2692_p2       |        or|   0|  0|    2|           1|           1|
    |or_ln386_fu_1818_p2         |        or|   0|  0|    2|           1|           1|
    |or_ln431_1_fu_1959_p2       |        or|   0|  0|    2|           1|           1|
    |or_ln431_2_fu_1965_p2       |        or|   0|  0|    2|           1|           1|
    |or_ln431_fu_1953_p2         |        or|   0|  0|    2|           1|           1|
    |or_ln438_1_fu_2012_p2       |        or|   0|  0|    2|           1|           1|
    |or_ln438_3_fu_2018_p2       |        or|   0|  0|    2|           1|           1|
    |or_ln438_fu_2006_p2         |        or|   0|  0|    2|           1|           1|
    |or_ln628_fu_2614_p2         |        or|   0|  0|    2|           1|           1|
    |ap_return                   |    select|   0|  0|   64|           1|          64|
    |b_exp_2_fu_1353_p3          |    select|   0|  0|   12|           1|          12|
    |e_frac_2_fu_1685_p3         |    select|   0|  0|   54|           1|          54|
    |grp_fu_616_p0               |    select|   0|  0|   54|           1|          54|
    |m_fix_back_fu_2205_p3       |    select|   0|  0|  130|           1|         130|
    |m_fix_l_fu_2100_p3          |    select|   0|  0|  130|           1|         130|
    |out_sig_fu_2637_p3          |    select|   0|  0|   52|           1|          52|
    |r_exp_2_fu_2555_p3          |    select|   0|  0|   13|           1|          13|
    |r_exp_fu_2265_p3            |    select|   0|  0|   13|           1|          13|
    |select_ln342_fu_2684_p3     |    select|   0|  0|   64|           1|          64|
    |select_ln378_fu_2662_p3     |    select|   0|  0|   64|           1|          62|
    |select_ln386_fu_2696_p3     |    select|   0|  0|   64|           1|          64|
    |select_ln42_fu_798_p3       |    select|   0|  0|   76|           1|          76|
    |select_ln431_fu_2726_p3     |    select|   0|  0|   64|           1|          64|
    |select_ln438_fu_2765_p3     |    select|   0|  0|   64|           1|          64|
    |select_ln545_fu_2055_p3     |    select|   0|  0|   12|           1|          12|
    |select_ln549_fu_2146_p3     |    select|   0|  0|  131|           1|         131|
    |select_ln553_1_fu_2139_p3   |    select|   0|  0|  131|           1|         131|
    |select_ln553_fu_2069_p3     |    select|   0|  0|   12|           1|          12|
    |select_ln563_fu_2257_p3     |    select|   0|  0|   13|           1|          13|
    |select_ln629_1_fu_2799_p3   |    select|   0|  0|   64|           1|          64|
    |select_ln629_fu_2787_p3     |    select|   0|  0|   64|           1|          64|
    |y_is_int_fu_1793_p3         |    select|   0|  0|    2|           1|           1|
    |y_is_odd_1_fu_1919_p3       |    select|   0|  0|    2|           1|           1|
    |shl_ln545_fu_2095_p2        |       shl|   0|  0|  431|         130|         130|
    |shl_ln546_fu_2192_p2        |       shl|   0|  0|  431|         130|         130|
    |shl_ln552_fu_2114_p2        |       shl|   0|  0|  435|         131|         131|
    |shl_ln553_fu_2127_p2        |       shl|   0|  0|  435|         131|         131|
    |ap_enable_pp0               |       xor|   0|  0|    2|           1|           2|
    |x_abs_greater_1_fu_1878_p2  |       xor|   0|  0|    2|           1|           2|
    |xor_ln18_1_fu_1743_p2       |       xor|   0|  0|    2|           1|           2|
    |xor_ln18_fu_1732_p2         |       xor|   0|  0|    2|           1|           2|
    |xor_ln341_fu_1706_p2        |       xor|   0|  0|    2|           1|           2|
    |xor_ln342_fu_2704_p2        |       xor|   0|  0|    2|           1|           2|
    |xor_ln357_fu_1762_p2        |       xor|   0|  0|    2|           1|           2|
    |xor_ln378_fu_2669_p2        |       xor|   0|  0|    2|           1|           2|
    |xor_ln386_fu_1824_p2        |       xor|   0|  0|    2|           1|           2|
    |xor_ln421_fu_1901_p2        |       xor|   0|  0|    2|           1|           2|
    |xor_ln431_fu_2715_p2        |       xor|   0|  0|    2|           1|           2|
    |xor_ln438_fu_2755_p2        |       xor|   0|  0|    2|           1|           2|
    |xor_ln628_fu_2807_p2        |       xor|   0|  0|    2|           1|           2|
    |xor_ln629_fu_2750_p2        |       xor|   0|  0|    2|           1|           2|
    |y_is_pos_fu_1862_p2         |       xor|   0|  0|    2|           1|           2|
    +----------------------------+----------+----+---+-----+------------+------------+
    |Total                       |          |   0|  0| 8535|        4629|        5725|
    +----------------------------+----------+----+---+-----+------------+------------+

    * Multiplexer: 
    N/A

    * Register: 
    +--------------------------------------+-----+----+-----+-----------+
    |                 Name                 |  FF | LUT| Bits| Const Bits|
    +--------------------------------------+-----+----+-----+-----------+
    |Elog2_reg_3325                        |   90|   0|   90|          0|
    |Z2_reg_3532                           |    8|   0|    8|          0|
    |Z3_reg_3539                           |    8|   0|    8|          0|
    |Z3_reg_3539_pp0_iter69_reg            |    8|   0|    8|          0|
    |Z4_reg_3544                           |   35|   0|   35|          0|
    |a_1_reg_2950                          |    6|   0|    6|          0|
    |a_2_reg_2982                          |    6|   0|    6|          0|
    |a_reg_2913                            |    4|   0|    4|          0|
    |add_ln209_1_reg_3272                  |  103|   0|  103|          0|
    |add_ln209_4_reg_3256                  |   83|   0|   83|          0|
    |add_ln209_5_reg_3277                  |   93|   0|   93|          0|
    |add_ln209_reg_3267                    |  109|   0|  109|          0|
    |add_ln373_reg_3315                    |    6|   0|    6|          0|
    |add_ln44_6_reg_3121                   |  136|   0|  136|          0|
    |add_ln616_1_reg_3662                  |  107|   0|  107|          0|
    |add_ln616_reg_3652                    |   58|   0|   58|          0|
    |and_ln431_5_reg_3704                  |    1|   0|    1|          0|
    |ap_CS_fsm                             |    1|   0|    1|          0|
    |ap_enable_reg_pp0_iter1               |    1|   0|    1|          0|
    |ap_enable_reg_pp0_iter10              |    1|   0|    1|          0|
    |ap_enable_reg_pp0_iter11              |    1|   0|    1|          0|
    |ap_enable_reg_pp0_iter12              |    1|   0|    1|          0|
    |ap_enable_reg_pp0_iter13              |    1|   0|    1|          0|
    |ap_enable_reg_pp0_iter14              |    1|   0|    1|          0|
    |ap_enable_reg_pp0_iter15              |    1|   0|    1|          0|
    |ap_enable_reg_pp0_iter16              |    1|   0|    1|          0|
    |ap_enable_reg_pp0_iter17              |    1|   0|    1|          0|
    |ap_enable_reg_pp0_iter18              |    1|   0|    1|          0|
    |ap_enable_reg_pp0_iter19              |    1|   0|    1|          0|
    |ap_enable_reg_pp0_iter2               |    1|   0|    1|          0|
    |ap_enable_reg_pp0_iter20              |    1|   0|    1|          0|
    |ap_enable_reg_pp0_iter21              |    1|   0|    1|          0|
    |ap_enable_reg_pp0_iter22              |    1|   0|    1|          0|
    |ap_enable_reg_pp0_iter23              |    1|   0|    1|          0|
    |ap_enable_reg_pp0_iter24              |    1|   0|    1|          0|
    |ap_enable_reg_pp0_iter25              |    1|   0|    1|          0|
    |ap_enable_reg_pp0_iter26              |    1|   0|    1|          0|
    |ap_enable_reg_pp0_iter27              |    1|   0|    1|          0|
    |ap_enable_reg_pp0_iter28              |    1|   0|    1|          0|
    |ap_enable_reg_pp0_iter29              |    1|   0|    1|          0|
    |ap_enable_reg_pp0_iter3               |    1|   0|    1|          0|
    |ap_enable_reg_pp0_iter30              |    1|   0|    1|          0|
    |ap_enable_reg_pp0_iter31              |    1|   0|    1|          0|
    |ap_enable_reg_pp0_iter32              |    1|   0|    1|          0|
    |ap_enable_reg_pp0_iter33              |    1|   0|    1|          0|
    |ap_enable_reg_pp0_iter34              |    1|   0|    1|          0|
    |ap_enable_reg_pp0_iter35              |    1|   0|    1|          0|
    |ap_enable_reg_pp0_iter36              |    1|   0|    1|          0|
    |ap_enable_reg_pp0_iter37              |    1|   0|    1|          0|
    |ap_enable_reg_pp0_iter38              |    1|   0|    1|          0|
    |ap_enable_reg_pp0_iter39              |    1|   0|    1|          0|
    |ap_enable_reg_pp0_iter4               |    1|   0|    1|          0|
    |ap_enable_reg_pp0_iter40              |    1|   0|    1|          0|
    |ap_enable_reg_pp0_iter41              |    1|   0|    1|          0|
    |ap_enable_reg_pp0_iter42              |    1|   0|    1|          0|
    |ap_enable_reg_pp0_iter43              |    1|   0|    1|          0|
    |ap_enable_reg_pp0_iter44              |    1|   0|    1|          0|
    |ap_enable_reg_pp0_iter45              |    1|   0|    1|          0|
    |ap_enable_reg_pp0_iter46              |    1|   0|    1|          0|
    |ap_enable_reg_pp0_iter47              |    1|   0|    1|          0|
    |ap_enable_reg_pp0_iter48              |    1|   0|    1|          0|
    |ap_enable_reg_pp0_iter49              |    1|   0|    1|          0|
    |ap_enable_reg_pp0_iter5               |    1|   0|    1|          0|
    |ap_enable_reg_pp0_iter50              |    1|   0|    1|          0|
    |ap_enable_reg_pp0_iter51              |    1|   0|    1|          0|
    |ap_enable_reg_pp0_iter52              |    1|   0|    1|          0|
    |ap_enable_reg_pp0_iter53              |    1|   0|    1|          0|
    |ap_enable_reg_pp0_iter54              |    1|   0|    1|          0|
    |ap_enable_reg_pp0_iter55              |    1|   0|    1|          0|
    |ap_enable_reg_pp0_iter56              |    1|   0|    1|          0|
    |ap_enable_reg_pp0_iter57              |    1|   0|    1|          0|
    |ap_enable_reg_pp0_iter58              |    1|   0|    1|          0|
    |ap_enable_reg_pp0_iter59              |    1|   0|    1|          0|
    |ap_enable_reg_pp0_iter6               |    1|   0|    1|          0|
    |ap_enable_reg_pp0_iter60              |    1|   0|    1|          0|
    |ap_enable_reg_pp0_iter61              |    1|   0|    1|          0|
    |ap_enable_reg_pp0_iter62              |    1|   0|    1|          0|
    |ap_enable_reg_pp0_iter63              |    1|   0|    1|          0|
    |ap_enable_reg_pp0_iter64              |    1|   0|    1|          0|
    |ap_enable_reg_pp0_iter65              |    1|   0|    1|          0|
    |ap_enable_reg_pp0_iter66              |    1|   0|    1|          0|
    |ap_enable_reg_pp0_iter67              |    1|   0|    1|          0|
    |ap_enable_reg_pp0_iter68              |    1|   0|    1|          0|
    |ap_enable_reg_pp0_iter69              |    1|   0|    1|          0|
    |ap_enable_reg_pp0_iter7               |    1|   0|    1|          0|
    |ap_enable_reg_pp0_iter70              |    1|   0|    1|          0|
    |ap_enable_reg_pp0_iter71              |    1|   0|    1|          0|
    |ap_enable_reg_pp0_iter72              |    1|   0|    1|          0|
    |ap_enable_reg_pp0_iter73              |    1|   0|    1|          0|
    |ap_enable_reg_pp0_iter74              |    1|   0|    1|          0|
    |ap_enable_reg_pp0_iter75              |    1|   0|    1|          0|
    |ap_enable_reg_pp0_iter76              |    1|   0|    1|          0|
    |ap_enable_reg_pp0_iter77              |    1|   0|    1|          0|
    |ap_enable_reg_pp0_iter78              |    1|   0|    1|          0|
    |ap_enable_reg_pp0_iter79              |    1|   0|    1|          0|
    |ap_enable_reg_pp0_iter8               |    1|   0|    1|          0|
    |ap_enable_reg_pp0_iter80              |    1|   0|    1|          0|
    |ap_enable_reg_pp0_iter81              |    1|   0|    1|          0|
    |ap_enable_reg_pp0_iter82              |    1|   0|    1|          0|
    |ap_enable_reg_pp0_iter83              |    1|   0|    1|          0|
    |ap_enable_reg_pp0_iter84              |    1|   0|    1|          0|
    |ap_enable_reg_pp0_iter85              |    1|   0|    1|          0|
    |ap_enable_reg_pp0_iter86              |    1|   0|    1|          0|
    |ap_enable_reg_pp0_iter87              |    1|   0|    1|          0|
    |ap_enable_reg_pp0_iter9               |    1|   0|    1|          0|
    |ashr_ln546_reg_3490                   |  130|   0|  130|          0|
    |b_exp_2_reg_3161                      |   12|   0|   12|          0|
    |b_frac_tilde_inverse_reg_2884         |    6|   0|    6|          0|
    |bitcast_ln497_1_reg_3688              |    1|   0|   64|         63|
    |bs_exp_reg_2854                       |   11|   0|   11|          0|
    |bs_sig_reg_2861                       |   52|   0|   52|          0|
    |bs_sig_reg_2861_pp0_iter1_reg         |   52|   0|   52|          0|
    |bs_sign_reg_2847                      |    1|   0|    1|          0|
    |e_frac_2_reg_3356                     |   54|   0|   54|          0|
    |es_exp_reg_3296                       |   11|   0|   11|          0|
    |es_sig_reg_3303                       |   52|   0|   52|          0|
    |es_sign_reg_3287                      |    1|   0|    1|          0|
    |es_sign_reg_3287_pp0_iter52_reg       |    1|   0|    1|          0|
    |exp_Z1P_m_1_reg_3632                  |   50|   0|   50|          0|
    |exp_Z1_hi_reg_3637                    |   50|   0|   50|          0|
    |exp_Z1_reg_3627                       |   58|   0|   58|          0|
    |exp_Z2P_m_1_reg_3595                  |   44|   0|   44|          0|
    |exp_Z3_m_1_reg_3570                   |   34|   0|   43|          9|
    |exp_Z4_m_1_reg_3559                   |   36|   0|   36|          0|
    |exp_read_reg_2842                     |   64|   0|   64|          0|
    |f_Z3_reg_3565                         |   26|   0|   26|          0|
    |icmp_ln18_1_reg_3340                  |    1|   0|    1|          0|
    |icmp_ln18_2_reg_3141                  |    1|   0|    1|          0|
    |icmp_ln340_1_reg_2889                 |    1|   0|    1|          0|
    |icmp_ln340_reg_3136                   |    1|   0|    1|          0|
    |icmp_ln373_reg_3346                   |    1|   0|    1|          0|
    |icmp_ln386_reg_3389                   |    1|   0|    1|          0|
    |icmp_ln422_reg_3395                   |    1|   0|    1|          0|
    |icmp_ln431_reg_3408                   |    1|   0|    1|          0|
    |icmp_ln438_reg_3414                   |    1|   0|    1|          0|
    |icmp_ln628_1_reg_3673                 |    1|   0|    1|          0|
    |icmp_ln628_reg_3500                   |    1|   0|    1|          0|
    |icmp_ln645_reg_3678                   |    1|   0|    1|          0|
    |icmp_ln645_reg_3678_pp0_iter86_reg    |    1|   0|    1|          0|
    |log_sum_1_reg_3330                    |  109|   0|  109|          0|
    |log_sum_reg_3226                      |  109|   0|  109|          0|
    |logn_1_reg_3236                       |  102|   0|  102|          0|
    |logn_2_reg_3241                       |   97|   0|   97|          0|
    |logn_3_reg_3246                       |   92|   0|   92|          0|
    |logn_4_reg_3251                       |   87|   0|   87|          0|
    |logn_reg_3231                         |  105|   0|  105|          0|
    |lshr_ln_reg_3282                      |   79|   0|   79|          0|
    |m_diff_hi_reg_3527                    |    8|   0|    8|          0|
    |m_exp_reg_3361                        |   12|   0|   12|          0|
    |m_fix_hi_reg_3464                     |   16|   0|   16|          0|
    |m_fix_l_reg_3458                      |  130|   0|  130|          0|
    |m_frac_l_reg_3430                     |  130|   0|  130|          0|
    |mul_ln44_1_reg_2971                   |   79|   0|   79|          0|
    |mul_ln44_2_reg_3003                   |   89|   0|   89|          0|
    |mul_ln44_3_reg_3035                   |   98|   0|   98|          0|
    |mul_ln44_4_reg_3067                   |   93|   0|   93|          0|
    |mul_ln44_5_reg_3099                   |   88|   0|   88|          0|
    |mul_ln44_6_reg_3171                   |   83|   0|   83|          0|
    |mul_ln44_reg_2939                     |   75|   0|   75|          0|
    |mul_ln516_reg_2906                    |   54|   0|   54|          0|
    |mul_ln616_reg_3657                    |  100|   0|  100|          0|
    |or_ln378_1_reg_3382                   |    1|   0|    1|          0|
    |or_ln628_reg_3693                     |    1|   0|    1|          0|
    |r_exp_reg_3510                        |   13|   0|   13|          0|
    |r_sign_reg_3400                       |    1|   0|    1|          0|
    |select_ln431_reg_3699                 |   64|   0|   64|          0|
    |select_ln545_reg_3438                 |   12|   0|   12|          0|
    |select_ln553_reg_3448                 |   12|   0|   12|          0|
    |sext_ln545_1_reg_3453                 |   32|   0|   32|          0|
    |shl_ln546_reg_3485                    |  130|   0|  130|          0|
    |sub_ln44_1_reg_2976                   |   82|   0|   82|          0|
    |tmp_10_reg_3046                       |   81|   0|   81|          0|
    |tmp_11_reg_3051                       |    6|   0|    6|          0|
    |tmp_12_reg_3072                       |   82|   0|   82|          0|
    |tmp_13_reg_3078                       |   76|   0|   76|          0|
    |tmp_14_reg_3083                       |    6|   0|    6|          0|
    |tmp_15_reg_3104                       |   77|   0|   77|          0|
    |tmp_16_reg_3110                       |   71|   0|   71|          0|
    |tmp_17_reg_3115                       |    6|   0|    6|          0|
    |tmp_18_reg_3216                       |   72|   0|   72|          0|
    |tmp_19_reg_3221                       |   40|   0|   40|          0|
    |tmp_20_reg_3443                       |    1|   0|    1|          0|
    |tmp_21_reg_3469                       |    1|   0|    1|          0|
    |tmp_23_reg_3585                       |   20|   0|   20|          0|
    |tmp_24_reg_3601                       |   40|   0|   40|          0|
    |tmp_25_reg_3622                       |   36|   0|   36|          0|
    |tmp_26_reg_3668                       |    1|   0|    1|          0|
    |tmp_28_reg_3479                       |    1|   0|    1|          0|
    |tmp_3_reg_3154                        |    1|   0|    1|          0|
    |tmp_5_reg_2868                        |    1|   0|    1|          0|
    |tmp_6_reg_2956                        |   67|   0|   67|          0|
    |tmp_7_reg_2924                        |    1|   0|    1|          0|
    |tmp_8_reg_3019                        |    6|   0|    6|          0|
    |tmp_9_reg_3040                        |   87|   0|   87|          0|
    |tmp_reg_3374                          |    1|   0|    1|          0|
    |tmp_s_reg_3014                        |   86|   0|   86|          0|
    |trunc_ln2_reg_3351                    |   77|   0|   77|          0|
    |trunc_ln39_1_reg_2988                 |   76|   0|   76|          0|
    |trunc_ln39_reg_2919                   |   50|   0|   50|          0|
    |trunc_ln3_reg_3474                    |   59|   0|   59|          0|
    |trunc_ln522_1_reg_3335                |   73|   0|   73|          0|
    |trunc_ln574_1_reg_3522                |   59|   0|   59|          0|
    |trunc_ln657_reg_3683                  |   11|   0|   11|          0|
    |x_is_0_reg_3147                       |    1|   0|    1|          0|
    |x_is_n1_reg_3368                      |    1|   0|    1|          0|
    |y_is_odd_reg_3320                     |    1|   0|    1|          0|
    |y_is_odd_reg_3320_pp0_iter52_reg      |    1|   0|    1|          0|
    |z2_reg_2944                           |   73|   0|   73|          0|
    |z4_reg_3008                           |   92|   0|   92|          0|
    |zext_ln486_1_reg_3310                 |   11|   0|   12|          1|
    |zext_ln486_1_reg_3310_pp0_iter52_reg  |   11|   0|   12|          1|
    |zext_ln502_reg_2874                   |    6|   0|   64|         58|
    |Z2_reg_3532                           |   64|  32|    8|          0|
    |a_1_reg_2950                          |   64|  32|    6|          0|
    |a_2_reg_2982                          |   64|  32|    6|          0|
    |a_reg_2913                            |   64|  32|    4|          0|
    |add_ln44_6_reg_3121                   |   64|  32|  136|          0|
    |bs_exp_reg_2854                       |   64|  32|   11|          0|
    |bs_sign_reg_2847                      |   64|  32|    1|          0|
    |es_exp_reg_3296                       |   64|  32|   11|          0|
    |exp_Z1_reg_3627                       |   64|  32|   58|          0|
    |exp_Z2P_m_1_reg_3595                  |   64|  32|   44|          0|
    |exp_Z3_m_1_reg_3570                   |   64|  32|   43|          9|
    |exp_Z4_m_1_reg_3559                   |   64|  32|   36|          0|
    |exp_read_reg_2842                     |   64|  32|   64|          0|
    |icmp_ln18_2_reg_3141                  |   64|  32|    1|          0|
    |icmp_ln340_1_reg_2889                 |   64|  32|    1|          0|
    |icmp_ln340_reg_3136                   |   64|  32|    1|          0|
    |icmp_ln386_reg_3389                   |   64|  32|    1|          0|
    |icmp_ln422_reg_3395                   |   64|  32|    1|          0|
    |icmp_ln431_reg_3408                   |   64|  32|    1|          0|
    |icmp_ln438_reg_3414                   |   64|  32|    1|          0|
    |icmp_ln628_reg_3500                   |   64|  32|    1|          0|
    |m_diff_hi_reg_3527                    |   64|  32|    8|          0|
    |m_exp_reg_3361                        |   64|  32|   12|          0|
    |m_frac_l_reg_3430                     |   64|  32|  130|          0|
    |mul_ln516_reg_2906                    |   64|  32|   54|          0|
    |or_ln378_1_reg_3382                   |   64|  32|    1|          0|
    |r_exp_reg_3510                        |   64|  32|   13|          0|
    |r_sign_reg_3400                       |   64|  32|    1|          0|
    |sub_ln44_1_reg_2976                   |   64|  32|   82|          0|
    |tmp_10_reg_3046                       |   64|  32|   81|          0|
    |tmp_11_reg_3051                       |   64|  32|    6|          0|
    |tmp_12_reg_3072                       |   64|  32|   82|          0|
    |tmp_13_reg_3078                       |   64|  32|   76|          0|
    |tmp_14_reg_3083                       |   64|  32|    6|          0|
    |tmp_17_reg_3115                       |   64|  32|    6|          0|
    |tmp_18_reg_3216                       |   64|  32|   72|          0|
    |tmp_21_reg_3469                       |   64|  32|    1|          0|
    |tmp_24_reg_3601                       |   64|  32|   40|          0|
    |tmp_28_reg_3479                       |   64|  32|    1|          0|
    |tmp_3_reg_3154                        |   64|  32|    1|          0|
    |tmp_5_reg_2868                        |   64|  32|    1|          0|
    |tmp_6_reg_2956                        |   64|  32|   67|          0|
    |tmp_7_reg_2924                        |   64|  32|    1|          0|
    |tmp_8_reg_3019                        |   64|  32|    6|          0|
    |tmp_9_reg_3040                        |   64|  32|   87|          0|
    |tmp_reg_3374                          |   64|  32|    1|          0|
    |tmp_s_reg_3014                        |   64|  32|   86|          0|
    |trunc_ln39_1_reg_2988                 |   64|  32|   76|          0|
    |trunc_ln39_reg_2919                   |   64|  32|   50|          0|
    |trunc_ln3_reg_3474                    |   64|  32|   59|          0|
    |x_is_0_reg_3147                       |   64|  32|    1|          0|
    |x_is_n1_reg_3368                      |   64|  32|    1|          0|
    |z2_reg_2944                           |   64|  32|   73|          0|
    |z4_reg_3008                           |   64|  32|   92|          0|
    |zext_ln502_reg_2874                   |   64|  32|   64|         58|
    +--------------------------------------+-----+----+-----+-----------+
    |Total                                 | 8880|1760| 7266|        199|
    +--------------------------------------+-----+----+-----+-----------+



================================================================
== Interface
================================================================
* Summary: 
+-----------+-----+-----+------------+---------------------+--------------+
| RTL Ports | Dir | Bits|  Protocol  |    Source Object    |    C Type    |
+-----------+-----+-----+------------+---------------------+--------------+
|ap_clk     |   in|    1|  ap_ctrl_hs|  pow_generic<double>|  return value|
|ap_rst     |   in|    1|  ap_ctrl_hs|  pow_generic<double>|  return value|
|ap_start   |   in|    1|  ap_ctrl_hs|  pow_generic<double>|  return value|
|ap_done    |  out|    1|  ap_ctrl_hs|  pow_generic<double>|  return value|
|ap_idle    |  out|    1|  ap_ctrl_hs|  pow_generic<double>|  return value|
|ap_ready   |  out|    1|  ap_ctrl_hs|  pow_generic<double>|  return value|
|ap_return  |  out|   64|  ap_ctrl_hs|  pow_generic<double>|  return value|
|base_r     |   in|   64|     ap_none|               base_r|        scalar|
|exp        |   in|   64|     ap_none|                  exp|        scalar|
+-----------+-----+-----+------------+---------------------+--------------+

