
*** Running vivado
    with args -log design_1_auto_us_0.vds -m64 -product Vivado -mode batch -messageDb vivado.pb -notrace -source design_1_auto_us_0.tcl


ECHO is off.
ECHO is off.

****** Vivado v2023.2 (64-bit)
  **** SW Build 4029153 on Fri Oct 13 20:14:34 MDT 2023
  **** IP Build 4028589 on Sat Oct 14 00:45:43 MDT 2023
  **** SharedData Build 4025554 on Tue Oct 10 17:18:54 MDT 2023
    ** Copyright 1986-2022 Xilinx, Inc. All Rights Reserved.
    ** Copyright 2022-2023 Advanced Micro Devices, Inc. All Rights Reserved.

source design_1_auto_us_0.tcl -notrace
create_project: Time (s): cpu = 00:00:06 ; elapsed = 00:00:08 . Memory (MB): peak = 471.559 ; gain = 186.074
INFO: [IP_Flow 19-234] Refreshing IP repositories
INFO: [IP_Flow 19-1700] Loaded user IP repository 'c:/Users/seank/Documents/Research/ExportedVivadoIPZynq'.
INFO: [IP_Flow 19-2313] Loaded Vivado IP repository 'C:/Xilinx/Vivado/2023.2/data/ip'.
INFO: [IP_Flow 19-6924] IPCACHE: Running cache check for IP inst: design_1_auto_us_0
Command: synth_design -top design_1_auto_us_0 -part xc7z007sclg400-1 -incremental_mode off -mode out_of_context
Starting synth_design
Attempting to get a license for feature 'Synthesis' and/or device 'xc7z007s'
INFO: [Common 17-349] Got license for feature 'Synthesis' and/or device 'xc7z007s'
INFO: [Device 21-403] Loading part xc7z007sclg400-1
INFO: [Synth 8-7079] Multithreading enabled for synth_design using a maximum of 2 processes.
INFO: [Synth 8-7078] Launching helper process for spawning children vivado processes
INFO: [Synth 8-7075] Helper process launched with PID 13064
---------------------------------------------------------------------------------
Starting RTL Elaboration : Time (s): cpu = 00:00:08 ; elapsed = 00:00:12 . Memory (MB): peak = 1318.562 ; gain = 439.008
---------------------------------------------------------------------------------
INFO: [Synth 8-6157] synthesizing module 'design_1_auto_us_0' [c:/Users/seank/Documents/Research/VivadoProjectZync/VivadoProjectZync.gen/sources_1/bd/design_1/ip/design_1_auto_us_0/synth/design_1_auto_us_0.v:53]
INFO: [Synth 8-6157] synthesizing module 'axi_dwidth_converter_v2_1_29_top' [c:/Users/seank/Documents/Research/VivadoProjectZync/VivadoProjectZync.gen/sources_1/bd/design_1/ipshared/670d/hdl/axi_dwidth_converter_v2_1_vlsyn_rfs.v:14446]
INFO: [Synth 8-6157] synthesizing module 'axi_dwidth_converter_v2_1_29_axi_upsizer' [c:/Users/seank/Documents/Research/VivadoProjectZync/VivadoProjectZync.gen/sources_1/bd/design_1/ipshared/670d/hdl/axi_dwidth_converter_v2_1_vlsyn_rfs.v:7025]
INFO: [Synth 8-6157] synthesizing module 'axi_dwidth_converter_v2_1_29_w_upsizer' [c:/Users/seank/Documents/Research/VivadoProjectZync/VivadoProjectZync.gen/sources_1/bd/design_1/ipshared/670d/hdl/axi_dwidth_converter_v2_1_vlsyn_rfs.v:5552]
INFO: [Synth 8-6155] done synthesizing module 'axi_dwidth_converter_v2_1_29_w_upsizer' (0#1) [c:/Users/seank/Documents/Research/VivadoProjectZync/VivadoProjectZync.gen/sources_1/bd/design_1/ipshared/670d/hdl/axi_dwidth_converter_v2_1_vlsyn_rfs.v:5552]
INFO: [Synth 8-6157] synthesizing module 'axi_dwidth_converter_v2_1_29_a_upsizer' [c:/Users/seank/Documents/Research/VivadoProjectZync/VivadoProjectZync.gen/sources_1/bd/design_1/ipshared/670d/hdl/axi_dwidth_converter_v2_1_vlsyn_rfs.v:3594]
INFO: [Synth 8-6157] synthesizing module 'generic_baseblocks_v2_1_1_command_fifo' [c:/Users/seank/Documents/Research/VivadoProjectZync/VivadoProjectZync.gen/sources_1/bd/design_1/ipshared/10ab/hdl/generic_baseblocks_v2_1_vl_rfs.v:648]
INFO: [Synth 8-6155] done synthesizing module 'generic_baseblocks_v2_1_1_command_fifo' (0#1) [c:/Users/seank/Documents/Research/VivadoProjectZync/VivadoProjectZync.gen/sources_1/bd/design_1/ipshared/10ab/hdl/generic_baseblocks_v2_1_vl_rfs.v:648]
INFO: [Synth 8-6157] synthesizing module 'generic_baseblocks_v2_1_1_command_fifo__parameterized0' [c:/Users/seank/Documents/Research/VivadoProjectZync/VivadoProjectZync.gen/sources_1/bd/design_1/ipshared/10ab/hdl/generic_baseblocks_v2_1_vl_rfs.v:648]
INFO: [Synth 8-6155] done synthesizing module 'generic_baseblocks_v2_1_1_command_fifo__parameterized0' (0#1) [c:/Users/seank/Documents/Research/VivadoProjectZync/VivadoProjectZync.gen/sources_1/bd/design_1/ipshared/10ab/hdl/generic_baseblocks_v2_1_vl_rfs.v:648]
INFO: [Synth 8-6155] done synthesizing module 'axi_dwidth_converter_v2_1_29_a_upsizer' (0#1) [c:/Users/seank/Documents/Research/VivadoProjectZync/VivadoProjectZync.gen/sources_1/bd/design_1/ipshared/670d/hdl/axi_dwidth_converter_v2_1_vlsyn_rfs.v:3594]
INFO: [Synth 8-6157] synthesizing module 'axi_dwidth_converter_v2_1_29_r_upsizer' [c:/Users/seank/Documents/Research/VivadoProjectZync/VivadoProjectZync.gen/sources_1/bd/design_1/ipshared/670d/hdl/axi_dwidth_converter_v2_1_vlsyn_rfs.v:4643]
INFO: [Synth 8-6155] done synthesizing module 'axi_dwidth_converter_v2_1_29_r_upsizer' (0#1) [c:/Users/seank/Documents/Research/VivadoProjectZync/VivadoProjectZync.gen/sources_1/bd/design_1/ipshared/670d/hdl/axi_dwidth_converter_v2_1_vlsyn_rfs.v:4643]
INFO: [Synth 8-6157] synthesizing module 'axi_register_slice_v2_1_29_axi_register_slice' [c:/Users/seank/Documents/Research/VivadoProjectZync/VivadoProjectZync.gen/sources_1/bd/design_1/ipshared/ff9f/hdl/axi_register_slice_v2_1_vl_rfs.v:3718]
INFO: [Synth 8-6157] synthesizing module 'axi_infrastructure_v1_1_0_axi2vector' [c:/Users/seank/Documents/Research/VivadoProjectZync/VivadoProjectZync.gen/sources_1/bd/design_1/ipshared/ec67/hdl/axi_infrastructure_v1_1_vl_rfs.v:59]
INFO: [Synth 8-6155] done synthesizing module 'axi_infrastructure_v1_1_0_axi2vector' (0#1) [c:/Users/seank/Documents/Research/VivadoProjectZync/VivadoProjectZync.gen/sources_1/bd/design_1/ipshared/ec67/hdl/axi_infrastructure_v1_1_vl_rfs.v:59]
INFO: [Synth 8-6157] synthesizing module 'axi_infrastructure_v1_1_0_vector2axi' [c:/Users/seank/Documents/Research/VivadoProjectZync/VivadoProjectZync.gen/sources_1/bd/design_1/ipshared/ec67/hdl/axi_infrastructure_v1_1_vl_rfs.v:473]
INFO: [Synth 8-6155] done synthesizing module 'axi_infrastructure_v1_1_0_vector2axi' (0#1) [c:/Users/seank/Documents/Research/VivadoProjectZync/VivadoProjectZync.gen/sources_1/bd/design_1/ipshared/ec67/hdl/axi_infrastructure_v1_1_vl_rfs.v:473]
INFO: [Synth 8-6157] synthesizing module 'axi_register_slice_v2_1_29_axic_register_slice' [c:/Users/seank/Documents/Research/VivadoProjectZync/VivadoProjectZync.gen/sources_1/bd/design_1/ipshared/ff9f/hdl/axi_register_slice_v2_1_vl_rfs.v:1492]
INFO: [Synth 8-6155] done synthesizing module 'axi_register_slice_v2_1_29_axic_register_slice' (0#1) [c:/Users/seank/Documents/Research/VivadoProjectZync/VivadoProjectZync.gen/sources_1/bd/design_1/ipshared/ff9f/hdl/axi_register_slice_v2_1_vl_rfs.v:1492]
INFO: [Synth 8-6157] synthesizing module 'axi_register_slice_v2_1_29_axic_register_slice__parameterized0' [c:/Users/seank/Documents/Research/VivadoProjectZync/VivadoProjectZync.gen/sources_1/bd/design_1/ipshared/ff9f/hdl/axi_register_slice_v2_1_vl_rfs.v:1492]
INFO: [Synth 8-6155] done synthesizing module 'axi_register_slice_v2_1_29_axic_register_slice__parameterized0' (0#1) [c:/Users/seank/Documents/Research/VivadoProjectZync/VivadoProjectZync.gen/sources_1/bd/design_1/ipshared/ff9f/hdl/axi_register_slice_v2_1_vl_rfs.v:1492]
INFO: [Synth 8-6157] synthesizing module 'axi_register_slice_v2_1_29_axic_register_slice__parameterized1' [c:/Users/seank/Documents/Research/VivadoProjectZync/VivadoProjectZync.gen/sources_1/bd/design_1/ipshared/ff9f/hdl/axi_register_slice_v2_1_vl_rfs.v:1492]
INFO: [Synth 8-6155] done synthesizing module 'axi_register_slice_v2_1_29_axic_register_slice__parameterized1' (0#1) [c:/Users/seank/Documents/Research/VivadoProjectZync/VivadoProjectZync.gen/sources_1/bd/design_1/ipshared/ff9f/hdl/axi_register_slice_v2_1_vl_rfs.v:1492]
INFO: [Synth 8-6157] synthesizing module 'axi_register_slice_v2_1_29_axic_register_slice__parameterized2' [c:/Users/seank/Documents/Research/VivadoProjectZync/VivadoProjectZync.gen/sources_1/bd/design_1/ipshared/ff9f/hdl/axi_register_slice_v2_1_vl_rfs.v:1492]
INFO: [Synth 8-6155] done synthesizing module 'axi_register_slice_v2_1_29_axic_register_slice__parameterized2' (0#1) [c:/Users/seank/Documents/Research/VivadoProjectZync/VivadoProjectZync.gen/sources_1/bd/design_1/ipshared/ff9f/hdl/axi_register_slice_v2_1_vl_rfs.v:1492]
INFO: [Synth 8-6155] done synthesizing module 'axi_register_slice_v2_1_29_axi_register_slice' (0#1) [c:/Users/seank/Documents/Research/VivadoProjectZync/VivadoProjectZync.gen/sources_1/bd/design_1/ipshared/ff9f/hdl/axi_register_slice_v2_1_vl_rfs.v:3718]
WARNING: [Synth 8-7071] port 'aclk2x' of module 'axi_register_slice_v2_1_29_axi_register_slice' is unconnected for instance 'mi_register_slice_inst' [c:/Users/seank/Documents/Research/VivadoProjectZync/VivadoProjectZync.gen/sources_1/bd/design_1/ipshared/670d/hdl/axi_dwidth_converter_v2_1_vlsyn_rfs.v:8463]
WARNING: [Synth 8-7023] instance 'mi_register_slice_inst' of module 'axi_register_slice_v2_1_29_axi_register_slice' has 93 connections declared, but only 92 given [c:/Users/seank/Documents/Research/VivadoProjectZync/VivadoProjectZync.gen/sources_1/bd/design_1/ipshared/670d/hdl/axi_dwidth_converter_v2_1_vlsyn_rfs.v:8463]
INFO: [Synth 8-6157] synthesizing module 'axi_dwidth_converter_v2_1_29_a_upsizer__parameterized0' [c:/Users/seank/Documents/Research/VivadoProjectZync/VivadoProjectZync.gen/sources_1/bd/design_1/ipshared/670d/hdl/axi_dwidth_converter_v2_1_vlsyn_rfs.v:3594]
INFO: [Synth 8-6155] done synthesizing module 'axi_dwidth_converter_v2_1_29_a_upsizer__parameterized0' (0#1) [c:/Users/seank/Documents/Research/VivadoProjectZync/VivadoProjectZync.gen/sources_1/bd/design_1/ipshared/670d/hdl/axi_dwidth_converter_v2_1_vlsyn_rfs.v:3594]
INFO: [Synth 8-6157] synthesizing module 'axi_register_slice_v2_1_29_axi_register_slice__parameterized0' [c:/Users/seank/Documents/Research/VivadoProjectZync/VivadoProjectZync.gen/sources_1/bd/design_1/ipshared/ff9f/hdl/axi_register_slice_v2_1_vl_rfs.v:3718]
INFO: [Synth 8-6157] synthesizing module 'axi_infrastructure_v1_1_0_axi2vector__parameterized0' [c:/Users/seank/Documents/Research/VivadoProjectZync/VivadoProjectZync.gen/sources_1/bd/design_1/ipshared/ec67/hdl/axi_infrastructure_v1_1_vl_rfs.v:59]
INFO: [Synth 8-6155] done synthesizing module 'axi_infrastructure_v1_1_0_axi2vector__parameterized0' (0#1) [c:/Users/seank/Documents/Research/VivadoProjectZync/VivadoProjectZync.gen/sources_1/bd/design_1/ipshared/ec67/hdl/axi_infrastructure_v1_1_vl_rfs.v:59]
INFO: [Synth 8-6157] synthesizing module 'axi_infrastructure_v1_1_0_vector2axi__parameterized0' [c:/Users/seank/Documents/Research/VivadoProjectZync/VivadoProjectZync.gen/sources_1/bd/design_1/ipshared/ec67/hdl/axi_infrastructure_v1_1_vl_rfs.v:473]
INFO: [Synth 8-6155] done synthesizing module 'axi_infrastructure_v1_1_0_vector2axi__parameterized0' (0#1) [c:/Users/seank/Documents/Research/VivadoProjectZync/VivadoProjectZync.gen/sources_1/bd/design_1/ipshared/ec67/hdl/axi_infrastructure_v1_1_vl_rfs.v:473]
INFO: [Synth 8-6157] synthesizing module 'axi_register_slice_v2_1_29_axic_register_slice__parameterized3' [c:/Users/seank/Documents/Research/VivadoProjectZync/VivadoProjectZync.gen/sources_1/bd/design_1/ipshared/ff9f/hdl/axi_register_slice_v2_1_vl_rfs.v:1492]
INFO: [Synth 8-6155] done synthesizing module 'axi_register_slice_v2_1_29_axic_register_slice__parameterized3' (0#1) [c:/Users/seank/Documents/Research/VivadoProjectZync/VivadoProjectZync.gen/sources_1/bd/design_1/ipshared/ff9f/hdl/axi_register_slice_v2_1_vl_rfs.v:1492]
INFO: [Synth 8-6157] synthesizing module 'axi_register_slice_v2_1_29_axic_register_slice__parameterized4' [c:/Users/seank/Documents/Research/VivadoProjectZync/VivadoProjectZync.gen/sources_1/bd/design_1/ipshared/ff9f/hdl/axi_register_slice_v2_1_vl_rfs.v:1492]
INFO: [Synth 8-6155] done synthesizing module 'axi_register_slice_v2_1_29_axic_register_slice__parameterized4' (0#1) [c:/Users/seank/Documents/Research/VivadoProjectZync/VivadoProjectZync.gen/sources_1/bd/design_1/ipshared/ff9f/hdl/axi_register_slice_v2_1_vl_rfs.v:1492]
INFO: [Synth 8-6157] synthesizing module 'axi_register_slice_v2_1_29_axic_register_slice__parameterized5' [c:/Users/seank/Documents/Research/VivadoProjectZync/VivadoProjectZync.gen/sources_1/bd/design_1/ipshared/ff9f/hdl/axi_register_slice_v2_1_vl_rfs.v:1492]
INFO: [Synth 8-6155] done synthesizing module 'axi_register_slice_v2_1_29_axic_register_slice__parameterized5' (0#1) [c:/Users/seank/Documents/Research/VivadoProjectZync/VivadoProjectZync.gen/sources_1/bd/design_1/ipshared/ff9f/hdl/axi_register_slice_v2_1_vl_rfs.v:1492]
INFO: [Synth 8-6157] synthesizing module 'axi_register_slice_v2_1_29_axic_register_slice__parameterized6' [c:/Users/seank/Documents/Research/VivadoProjectZync/VivadoProjectZync.gen/sources_1/bd/design_1/ipshared/ff9f/hdl/axi_register_slice_v2_1_vl_rfs.v:1492]
INFO: [Synth 8-6155] done synthesizing module 'axi_register_slice_v2_1_29_axic_register_slice__parameterized6' (0#1) [c:/Users/seank/Documents/Research/VivadoProjectZync/VivadoProjectZync.gen/sources_1/bd/design_1/ipshared/ff9f/hdl/axi_register_slice_v2_1_vl_rfs.v:1492]
INFO: [Synth 8-6155] done synthesizing module 'axi_register_slice_v2_1_29_axi_register_slice__parameterized0' (0#1) [c:/Users/seank/Documents/Research/VivadoProjectZync/VivadoProjectZync.gen/sources_1/bd/design_1/ipshared/ff9f/hdl/axi_register_slice_v2_1_vl_rfs.v:3718]
WARNING: [Synth 8-7071] port 'aclk2x' of module 'axi_register_slice_v2_1_29_axi_register_slice' is unconnected for instance 'si_register_slice_inst' [c:/Users/seank/Documents/Research/VivadoProjectZync/VivadoProjectZync.gen/sources_1/bd/design_1/ipshared/670d/hdl/axi_dwidth_converter_v2_1_vlsyn_rfs.v:7367]
WARNING: [Synth 8-7023] instance 'si_register_slice_inst' of module 'axi_register_slice_v2_1_29_axi_register_slice' has 93 connections declared, but only 92 given [c:/Users/seank/Documents/Research/VivadoProjectZync/VivadoProjectZync.gen/sources_1/bd/design_1/ipshared/670d/hdl/axi_dwidth_converter_v2_1_vlsyn_rfs.v:7367]
INFO: [Synth 8-6155] done synthesizing module 'axi_dwidth_converter_v2_1_29_axi_upsizer' (0#1) [c:/Users/seank/Documents/Research/VivadoProjectZync/VivadoProjectZync.gen/sources_1/bd/design_1/ipshared/670d/hdl/axi_dwidth_converter_v2_1_vlsyn_rfs.v:7025]
INFO: [Synth 8-6155] done synthesizing module 'axi_dwidth_converter_v2_1_29_top' (0#1) [c:/Users/seank/Documents/Research/VivadoProjectZync/VivadoProjectZync.gen/sources_1/bd/design_1/ipshared/670d/hdl/axi_dwidth_converter_v2_1_vlsyn_rfs.v:14446]
INFO: [Synth 8-6155] done synthesizing module 'design_1_auto_us_0' (0#1) [c:/Users/seank/Documents/Research/VivadoProjectZync/VivadoProjectZync.gen/sources_1/bd/design_1/ip/design_1_auto_us_0/synth/design_1_auto_us_0.v:53]
WARNING: [Synth 8-7129] Port m_axi_buser[0] in module axi_infrastructure_v1_1_0_vector2axi__parameterized0 is either unconnected or has no load
WARNING: [Synth 8-7129] Port m_axi_ruser[0] in module axi_infrastructure_v1_1_0_vector2axi__parameterized0 is either unconnected or has no load
WARNING: [Synth 8-7129] Port s_axi_awregion[3] in module axi_infrastructure_v1_1_0_axi2vector__parameterized0 is either unconnected or has no load
WARNING: [Synth 8-7129] Port s_axi_awregion[2] in module axi_infrastructure_v1_1_0_axi2vector__parameterized0 is either unconnected or has no load
WARNING: [Synth 8-7129] Port s_axi_awregion[1] in module axi_infrastructure_v1_1_0_axi2vector__parameterized0 is either unconnected or has no load
WARNING: [Synth 8-7129] Port s_axi_awregion[0] in module axi_infrastructure_v1_1_0_axi2vector__parameterized0 is either unconnected or has no load
WARNING: [Synth 8-7129] Port s_axi_awuser[0] in module axi_infrastructure_v1_1_0_axi2vector__parameterized0 is either unconnected or has no load
WARNING: [Synth 8-7129] Port s_axi_wuser[0] in module axi_infrastructure_v1_1_0_axi2vector__parameterized0 is either unconnected or has no load
WARNING: [Synth 8-7129] Port s_axi_arregion[3] in module axi_infrastructure_v1_1_0_axi2vector__parameterized0 is either unconnected or has no load
WARNING: [Synth 8-7129] Port s_axi_arregion[2] in module axi_infrastructure_v1_1_0_axi2vector__parameterized0 is either unconnected or has no load
WARNING: [Synth 8-7129] Port s_axi_arregion[1] in module axi_infrastructure_v1_1_0_axi2vector__parameterized0 is either unconnected or has no load
WARNING: [Synth 8-7129] Port s_axi_arregion[0] in module axi_infrastructure_v1_1_0_axi2vector__parameterized0 is either unconnected or has no load
WARNING: [Synth 8-7129] Port s_axi_aruser[0] in module axi_infrastructure_v1_1_0_axi2vector__parameterized0 is either unconnected or has no load
WARNING: [Synth 8-7129] Port aclk2x in module axi_register_slice_v2_1_29_axi_register_slice__parameterized0 is either unconnected or has no load
WARNING: [Synth 8-7129] Port m_axi_buser[0] in module axi_infrastructure_v1_1_0_vector2axi is either unconnected or has no load
WARNING: [Synth 8-7129] Port m_axi_ruser[0] in module axi_infrastructure_v1_1_0_vector2axi is either unconnected or has no load
WARNING: [Synth 8-7129] Port s_axi_awuser[0] in module axi_infrastructure_v1_1_0_axi2vector is either unconnected or has no load
WARNING: [Synth 8-7129] Port s_axi_wid[0] in module axi_infrastructure_v1_1_0_axi2vector is either unconnected or has no load
WARNING: [Synth 8-7129] Port s_axi_wuser[0] in module axi_infrastructure_v1_1_0_axi2vector is either unconnected or has no load
WARNING: [Synth 8-7129] Port s_axi_aruser[0] in module axi_infrastructure_v1_1_0_axi2vector is either unconnected or has no load
WARNING: [Synth 8-7129] Port aclk2x in module axi_register_slice_v2_1_29_axi_register_slice is either unconnected or has no load
WARNING: [Synth 8-7129] Port s_axi_awlen[7] in module axi_dwidth_converter_v2_1_29_axi_upsizer is either unconnected or has no load
WARNING: [Synth 8-7129] Port s_axi_awlen[6] in module axi_dwidth_converter_v2_1_29_axi_upsizer is either unconnected or has no load
WARNING: [Synth 8-7129] Port s_axi_awlen[5] in module axi_dwidth_converter_v2_1_29_axi_upsizer is either unconnected or has no load
WARNING: [Synth 8-7129] Port s_axi_awlen[4] in module axi_dwidth_converter_v2_1_29_axi_upsizer is either unconnected or has no load
WARNING: [Synth 8-7129] Port s_axi_arlen[7] in module axi_dwidth_converter_v2_1_29_axi_upsizer is either unconnected or has no load
WARNING: [Synth 8-7129] Port s_axi_arlen[6] in module axi_dwidth_converter_v2_1_29_axi_upsizer is either unconnected or has no load
WARNING: [Synth 8-7129] Port s_axi_arlen[5] in module axi_dwidth_converter_v2_1_29_axi_upsizer is either unconnected or has no load
WARNING: [Synth 8-7129] Port s_axi_arlen[4] in module axi_dwidth_converter_v2_1_29_axi_upsizer is either unconnected or has no load
WARNING: [Synth 8-7129] Port m_axi_aresetn in module axi_dwidth_converter_v2_1_29_axi_upsizer is either unconnected or has no load
WARNING: [Synth 8-7129] Port m_axi_aclk in module axi_dwidth_converter_v2_1_29_axi_upsizer is either unconnected or has no load
WARNING: [Synth 8-7129] Port s_axi_awregion[3] in module axi_dwidth_converter_v2_1_29_top is either unconnected or has no load
WARNING: [Synth 8-7129] Port s_axi_awregion[2] in module axi_dwidth_converter_v2_1_29_top is either unconnected or has no load
WARNING: [Synth 8-7129] Port s_axi_awregion[1] in module axi_dwidth_converter_v2_1_29_top is either unconnected or has no load
WARNING: [Synth 8-7129] Port s_axi_awregion[0] in module axi_dwidth_converter_v2_1_29_top is either unconnected or has no load
WARNING: [Synth 8-7129] Port s_axi_arregion[3] in module axi_dwidth_converter_v2_1_29_top is either unconnected or has no load
WARNING: [Synth 8-7129] Port s_axi_arregion[2] in module axi_dwidth_converter_v2_1_29_top is either unconnected or has no load
WARNING: [Synth 8-7129] Port s_axi_arregion[1] in module axi_dwidth_converter_v2_1_29_top is either unconnected or has no load
WARNING: [Synth 8-7129] Port s_axi_arregion[0] in module axi_dwidth_converter_v2_1_29_top is either unconnected or has no load
---------------------------------------------------------------------------------
Finished RTL Elaboration : Time (s): cpu = 00:00:14 ; elapsed = 00:00:21 . Memory (MB): peak = 1578.281 ; gain = 698.727
---------------------------------------------------------------------------------
---------------------------------------------------------------------------------
Start Handling Custom Attributes
---------------------------------------------------------------------------------
---------------------------------------------------------------------------------
Finished Handling Custom Attributes : Time (s): cpu = 00:00:14 ; elapsed = 00:00:21 . Memory (MB): peak = 1578.281 ; gain = 698.727
---------------------------------------------------------------------------------
---------------------------------------------------------------------------------
Finished RTL Optimization Phase 1 : Time (s): cpu = 00:00:14 ; elapsed = 00:00:21 . Memory (MB): peak = 1578.281 ; gain = 698.727
---------------------------------------------------------------------------------
Netlist sorting complete. Time (s): cpu = 00:00:00 ; elapsed = 00:00:00.111 . Memory (MB): peak = 1578.281 ; gain = 0.000
INFO: [Project 1-570] Preparing netlist for logic optimization

Processing XDC Constraints
Initializing timing engine
Parsing XDC File [c:/Users/seank/Documents/Research/VivadoProjectZync/VivadoProjectZync.gen/sources_1/bd/design_1/ip/design_1_auto_us_0/design_1_auto_us_0_ooc.xdc] for cell 'inst'
Finished Parsing XDC File [c:/Users/seank/Documents/Research/VivadoProjectZync/VivadoProjectZync.gen/sources_1/bd/design_1/ip/design_1_auto_us_0/design_1_auto_us_0_ooc.xdc] for cell 'inst'
Parsing XDC File [C:/Users/seank/Documents/Research/VivadoProjectZync/VivadoProjectZync.runs/design_1_auto_us_0_synth_1/dont_touch.xdc]
Finished Parsing XDC File [C:/Users/seank/Documents/Research/VivadoProjectZync/VivadoProjectZync.runs/design_1_auto_us_0_synth_1/dont_touch.xdc]
Completed Processing XDC Constraints

Netlist sorting complete. Time (s): cpu = 00:00:00 ; elapsed = 00:00:00.001 . Memory (MB): peak = 1578.281 ; gain = 0.000
INFO: [Project 1-111] Unisim Transformation Summary:
No Unisim elements were transformed.

The system cannot find the path specified.
Constraint Validation Runtime : Time (s): cpu = 00:00:00 ; elapsed = 00:00:00.090 . Memory (MB): peak = 1578.281 ; gain = 0.000
INFO: [Designutils 20-5008] Incremental synthesis strategy off
---------------------------------------------------------------------------------
Finished Constraint Validation : Time (s): cpu = 00:00:22 ; elapsed = 00:00:30 . Memory (MB): peak = 1578.281 ; gain = 698.727
---------------------------------------------------------------------------------
---------------------------------------------------------------------------------
Start Loading Part and Timing Information
---------------------------------------------------------------------------------
Loading part: xc7z007sclg400-1
---------------------------------------------------------------------------------
Finished Loading Part and Timing Information : Time (s): cpu = 00:00:22 ; elapsed = 00:00:30 . Memory (MB): peak = 1578.281 ; gain = 698.727
---------------------------------------------------------------------------------
---------------------------------------------------------------------------------
Start Applying 'set_property' XDC Constraints
---------------------------------------------------------------------------------
Applied set_property KEEP_HIERARCHY = SOFT for inst. (constraint file  C:/Users/seank/Documents/Research/VivadoProjectZync/VivadoProjectZync.runs/design_1_auto_us_0_synth_1/dont_touch.xdc, line 9).
---------------------------------------------------------------------------------
Finished applying 'set_property' XDC Constraints : Time (s): cpu = 00:00:22 ; elapsed = 00:00:30 . Memory (MB): peak = 1578.281 ; gain = 698.727
---------------------------------------------------------------------------------
---------------------------------------------------------------------------------
Finished RTL Optimization Phase 2 : Time (s): cpu = 00:00:23 ; elapsed = 00:00:31 . Memory (MB): peak = 1578.281 ; gain = 698.727
---------------------------------------------------------------------------------
---------------------------------------------------------------------------------
Start RTL Component Statistics 
---------------------------------------------------------------------------------
Detailed RTL Component Info : 
+---Adders : 
	   2 Input    8 Bit       Adders := 4     
	   2 Input    6 Bit       Adders := 1     
	   2 Input    5 Bit       Adders := 4     
	   2 Input    4 Bit       Adders := 2     
	   2 Input    3 Bit       Adders := 4     
+---Registers : 
	               73 Bit    Registers := 2     
	               68 Bit    Registers := 2     
	               66 Bit    Registers := 2     
	               64 Bit    Registers := 1     
	               62 Bit    Registers := 2     
	               49 Bit    Registers := 2     
	               47 Bit    Registers := 2     
	               30 Bit    Registers := 2     
	               14 Bit    Registers := 1     
	               12 Bit    Registers := 2     
	                8 Bit    Registers := 18    
	                5 Bit    Registers := 4     
	                3 Bit    Registers := 5     
	                2 Bit    Registers := 11    
	                1 Bit    Registers := 59    
+---Muxes : 
	   2 Input   73 Bit        Muxes := 2     
	   2 Input   68 Bit        Muxes := 2     
	   2 Input   49 Bit        Muxes := 2     
	   2 Input   47 Bit        Muxes := 2     
	   2 Input   32 Bit        Muxes := 9     
	   2 Input    8 Bit        Muxes := 22    
	   8 Input    8 Bit        Muxes := 4     
	   2 Input    3 Bit        Muxes := 11    
	   8 Input    3 Bit        Muxes := 6     
	   2 Input    2 Bit        Muxes := 9     
	   2 Input    1 Bit        Muxes := 61    
---------------------------------------------------------------------------------
Finished RTL Component Statistics 
---------------------------------------------------------------------------------
---------------------------------------------------------------------------------
Start Part Resource Summary
---------------------------------------------------------------------------------
Part Resources:
DSPs: 66 (col length:40)
BRAMs: 100 (col length: RAMB18 40 RAMB36 20)
---------------------------------------------------------------------------------
Finished Part Resource Summary
---------------------------------------------------------------------------------
---------------------------------------------------------------------------------
Start Cross Boundary and Area Optimization
---------------------------------------------------------------------------------
WARNING: [Synth 8-7080] Parallel synthesis criteria is not met
INFO: [Synth 8-3936] Found unconnected internal register 'gen_upsizer.gen_full_upsizer.axi_upsizer_inst/USE_READ.gen_non_fifo_r_upsizer.mi_register_slice_inst/r.r_pipe/m_payload_i_reg' and it is trimmed from '68' to '67' bits. [c:/Users/seank/Documents/Research/VivadoProjectZync/VivadoProjectZync.gen/sources_1/bd/design_1/ipshared/ff9f/hdl/axi_register_slice_v2_1_vl_rfs.v:1726]
WARNING: [Synth 8-7129] Port s_axi_awregion[3] in module axi_dwidth_converter_v2_1_29_top is either unconnected or has no load
WARNING: [Synth 8-7129] Port s_axi_awregion[2] in module axi_dwidth_converter_v2_1_29_top is either unconnected or has no load
WARNING: [Synth 8-7129] Port s_axi_awregion[1] in module axi_dwidth_converter_v2_1_29_top is either unconnected or has no load
WARNING: [Synth 8-7129] Port s_axi_awregion[0] in module axi_dwidth_converter_v2_1_29_top is either unconnected or has no load
WARNING: [Synth 8-7129] Port s_axi_arregion[3] in module axi_dwidth_converter_v2_1_29_top is either unconnected or has no load
WARNING: [Synth 8-7129] Port s_axi_arregion[2] in module axi_dwidth_converter_v2_1_29_top is either unconnected or has no load
WARNING: [Synth 8-7129] Port s_axi_arregion[1] in module axi_dwidth_converter_v2_1_29_top is either unconnected or has no load
WARNING: [Synth 8-7129] Port s_axi_arregion[0] in module axi_dwidth_converter_v2_1_29_top is either unconnected or has no load
---------------------------------------------------------------------------------
Finished Cross Boundary and Area Optimization : Time (s): cpu = 00:00:27 ; elapsed = 00:00:37 . Memory (MB): peak = 1578.281 ; gain = 698.727
---------------------------------------------------------------------------------
---------------------------------------------------------------------------------
Start Applying XDC Timing Constraints
---------------------------------------------------------------------------------
---------------------------------------------------------------------------------
Finished Applying XDC Timing Constraints : Time (s): cpu = 00:00:31 ; elapsed = 00:00:41 . Memory (MB): peak = 1578.281 ; gain = 698.727
---------------------------------------------------------------------------------
---------------------------------------------------------------------------------
Start Timing Optimization
---------------------------------------------------------------------------------
---------------------------------------------------------------------------------
Finished Timing Optimization : Time (s): cpu = 00:00:31 ; elapsed = 00:00:42 . Memory (MB): peak = 1578.281 ; gain = 698.727
---------------------------------------------------------------------------------
---------------------------------------------------------------------------------
Start Technology Mapping
---------------------------------------------------------------------------------
---------------------------------------------------------------------------------
Finished Technology Mapping : Time (s): cpu = 00:00:32 ; elapsed = 00:00:42 . Memory (MB): peak = 1578.281 ; gain = 698.727
---------------------------------------------------------------------------------
---------------------------------------------------------------------------------
Start IO Insertion
---------------------------------------------------------------------------------
---------------------------------------------------------------------------------
Start Flattening Before IO Insertion
---------------------------------------------------------------------------------
---------------------------------------------------------------------------------
Finished Flattening Before IO Insertion
---------------------------------------------------------------------------------
---------------------------------------------------------------------------------
Start Final Netlist Cleanup
---------------------------------------------------------------------------------
---------------------------------------------------------------------------------
Finished Final Netlist Cleanup
---------------------------------------------------------------------------------
---------------------------------------------------------------------------------
Finished IO Insertion : Time (s): cpu = 00:00:36 ; elapsed = 00:00:46 . Memory (MB): peak = 1578.281 ; gain = 698.727
---------------------------------------------------------------------------------
---------------------------------------------------------------------------------
Start Renaming Generated Instances
---------------------------------------------------------------------------------
---------------------------------------------------------------------------------
Finished Renaming Generated Instances : Time (s): cpu = 00:00:36 ; elapsed = 00:00:46 . Memory (MB): peak = 1578.281 ; gain = 698.727
---------------------------------------------------------------------------------
---------------------------------------------------------------------------------
Start Rebuilding User Hierarchy
---------------------------------------------------------------------------------
---------------------------------------------------------------------------------
Finished Rebuilding User Hierarchy : Time (s): cpu = 00:00:36 ; elapsed = 00:00:46 . Memory (MB): peak = 1578.281 ; gain = 698.727
---------------------------------------------------------------------------------
---------------------------------------------------------------------------------
Start Renaming Generated Ports
---------------------------------------------------------------------------------
---------------------------------------------------------------------------------
Finished Renaming Generated Ports : Time (s): cpu = 00:00:36 ; elapsed = 00:00:46 . Memory (MB): peak = 1578.281 ; gain = 698.727
---------------------------------------------------------------------------------
---------------------------------------------------------------------------------
Start Handling Custom Attributes
---------------------------------------------------------------------------------
---------------------------------------------------------------------------------
Finished Handling Custom Attributes : Time (s): cpu = 00:00:36 ; elapsed = 00:00:46 . Memory (MB): peak = 1578.281 ; gain = 698.727
---------------------------------------------------------------------------------
---------------------------------------------------------------------------------
Start Renaming Generated Nets
---------------------------------------------------------------------------------
---------------------------------------------------------------------------------
Finished Renaming Generated Nets : Time (s): cpu = 00:00:36 ; elapsed = 00:00:46 . Memory (MB): peak = 1578.281 ; gain = 698.727
---------------------------------------------------------------------------------
---------------------------------------------------------------------------------
Start ROM, RAM, DSP, Shift Register and Retiming Reporting
---------------------------------------------------------------------------------

Dynamic Shift Register Report:
+------------+-------------------------------+--------+------------+--------+---------+--------+--------+--------+
|Module Name | RTL Name                      | Length | Data Width | SRL16E | SRLC32E | Mux F7 | Mux F8 | Mux F9 | 
+------------+-------------------------------+--------+------------+--------+---------+--------+--------+--------+
|dsrl        | USE_RTL_FIFO.data_srl_reg[31] | 12     | 12         | 0      | 12      | 0      | 0      | 0      | 
|dsrl__1     | USE_RTL_FIFO.data_srl_reg[31] | 30     | 30         | 0      | 30      | 0      | 0      | 0      | 
|dsrl__4     | USE_RTL_FIFO.data_srl_reg[31] | 30     | 30         | 0      | 30      | 0      | 0      | 0      | 
+------------+-------------------------------+--------+------------+--------+---------+--------+--------+--------+

---------------------------------------------------------------------------------
Finished ROM, RAM, DSP, Shift Register and Retiming Reporting
---------------------------------------------------------------------------------
---------------------------------------------------------------------------------
Start Writing Synthesis Report
---------------------------------------------------------------------------------

Report BlackBoxes: 
+-+--------------+----------+
| |BlackBox name |Instances |
+-+--------------+----------+
+-+--------------+----------+

Report Cell Usage: 
+------+--------+------+
|      |Cell    |Count |
+------+--------+------+
|1     |LUT1    |     7|
|2     |LUT2    |    26|
|3     |LUT3    |   112|
|4     |LUT4    |    41|
|5     |LUT5    |   146|
|6     |LUT6    |   157|
|7     |SRLC32E |    73|
|8     |FDRE    |   624|
|9     |FDSE    |     4|
+------+--------+------+
---------------------------------------------------------------------------------
Finished Writing Synthesis Report : Time (s): cpu = 00:00:36 ; elapsed = 00:00:46 . Memory (MB): peak = 1578.281 ; gain = 698.727
---------------------------------------------------------------------------------
Synthesis finished with 0 errors, 0 critical warnings and 9 warnings.
Synthesis Optimization Runtime : Time (s): cpu = 00:00:20 ; elapsed = 00:00:44 . Memory (MB): peak = 1578.281 ; gain = 698.727
Synthesis Optimization Complete : Time (s): cpu = 00:00:36 ; elapsed = 00:00:47 . Memory (MB): peak = 1578.281 ; gain = 698.727
INFO: [Project 1-571] Translating synthesized netlist
Netlist sorting complete. Time (s): cpu = 00:00:00 ; elapsed = 00:00:00.036 . Memory (MB): peak = 1578.281 ; gain = 0.000
INFO: [Project 1-570] Preparing netlist for logic optimization
INFO: [Opt 31-138] Pushed 0 inverter(s) to 0 load pin(s).
Netlist sorting complete. Time (s): cpu = 00:00:00 ; elapsed = 00:00:00 . Memory (MB): peak = 1578.281 ; gain = 0.000
INFO: [Project 1-111] Unisim Transformation Summary:
No Unisim elements were transformed.

The system cannot find the path specified.
Synth Design complete | Checksum: 9e59293e
INFO: [Common 17-83] Releasing license: Synthesis
64 Infos, 52 Warnings, 0 Critical Warnings and 0 Errors encountered.
synth_design completed successfully
synth_design: Time (s): cpu = 00:00:40 ; elapsed = 00:00:54 . Memory (MB): peak = 1578.281 ; gain = 1092.277
Write ShapeDB Complete: Time (s): cpu = 00:00:00 ; elapsed = 00:00:00.002 . Memory (MB): peak = 1578.281 ; gain = 0.000
INFO: [Common 17-1381] The checkpoint 'C:/Users/seank/Documents/Research/VivadoProjectZync/VivadoProjectZync.runs/design_1_auto_us_0_synth_1/design_1_auto_us_0.dcp' has been generated.
INFO: [Coretcl 2-1648] Added synthesis output to IP cache for IP design_1_auto_us_0, cache-ID = 0ba73caad45bb111
INFO: [Coretcl 2-1174] Renamed 15 cell refs.
Write ShapeDB Complete: Time (s): cpu = 00:00:00 ; elapsed = 00:00:00.003 . Memory (MB): peak = 1578.281 ; gain = 0.000
INFO: [Common 17-1381] The checkpoint 'C:/Users/seank/Documents/Research/VivadoProjectZync/VivadoProjectZync.runs/design_1_auto_us_0_synth_1/design_1_auto_us_0.dcp' has been generated.
INFO: [runtcl-4] Executing : report_utilization -file design_1_auto_us_0_utilization_synth.rpt -pb design_1_auto_us_0_utilization_synth.pb
INFO: [Common 17-206] Exiting Vivado at Mon Jul 15 11:49:57 2024...
