#-----------------------------------------------------------
# Vivado v2023.2 (64-bit)
# SW Build 4029153 on Fri Oct 13 20:14:34 MDT 2023
# IP Build 4028589 on Sat Oct 14 00:45:43 MDT 2023
# SharedData Build 4025554 on Tue Oct 10 17:18:54 MDT 2023
# Start of session at: Fri Aug  2 15:06:56 2024
# Process ID: 11084
# Current directory: C:/Research/CU-Spur-Sean/spurFPGA/VitisHLS/sparsefpgaimp/loop_uhat_sparse_imp/impl/ip
# Command line: vivado.exe -notrace -mode batch -source run_ippack.tcl
# Log file: C:/Research/CU-Spur-Sean/spurFPGA/VitisHLS/sparsefpgaimp/loop_uhat_sparse_imp/impl/ip/vivado.log
# Journal file: C:/Research/CU-Spur-Sean/spurFPGA/VitisHLS/sparsefpgaimp/loop_uhat_sparse_imp/impl/ip\vivado.jou
# Running On: gerard, OS: Windows, CPU Frequency: 3993 MHz, CPU Physical cores: 16, Host memory: 33515 MB
#-----------------------------------------------------------
source run_ippack.tcl -notrace
INFO: [ProjectBase 1-489] The host OS only allows 260 characters in a normal path. The project is stored in a path with more than 80 characters. If you experience issues with IP, Block Designs, or files not being found, please consider moving the project to a location with a shorter path. Alternately consider using the OS subst command to map part of the path to a drive letter.
Current project path is 'C:/Research/CU-Spur-Sean/spurFPGA/VitisHLS/sparsefpgaimp/loop_uhat_sparse_imp/impl/ip'
INFO: [IP_Flow 19-234] Refreshing IP repositories
INFO: [IP_Flow 19-1704] No user IP repositories specified
INFO: [IP_Flow 19-2313] Loaded Vivado IP repository 'C:/Xilinx/Vivado/2023.2/data/ip'.
WARNING: [IP_Flow 19-4832] The IP name 'loop_uhat_sparse_dadddsub_64ns_64ns_64_7_full_dsp_1_ip' you have specified is long. The Windows operating system has path length limitations. It is recommended you use shorter names to reduce the likelihood of issues.
INFO: [IP_Flow 19-1686] Generating 'Synthesis' target for IP 'loop_uhat_sparse_dadddsub_64ns_64ns_64_7_full_dsp_1_ip'...
INFO: [IP_Flow 19-1686] Generating 'Simulation' target for IP 'loop_uhat_sparse_dadddsub_64ns_64ns_64_7_full_dsp_1_ip'...
WARNING: [IP_Flow 19-4832] The IP name 'loop_uhat_sparse_dcmp_64ns_64ns_1_2_no_dsp_1_ip' you have specified is long. The Windows operating system has path length limitations. It is recommended you use shorter names to reduce the likelihood of issues.
INFO: [IP_Flow 19-1686] Generating 'Synthesis' target for IP 'loop_uhat_sparse_dcmp_64ns_64ns_1_2_no_dsp_1_ip'...
INFO: [IP_Flow 19-1686] Generating 'Simulation' target for IP 'loop_uhat_sparse_dcmp_64ns_64ns_1_2_no_dsp_1_ip'...
WARNING: [IP_Flow 19-4832] The IP name 'loop_uhat_sparse_dmul_64ns_64ns_64_7_max_dsp_1_ip' you have specified is long. The Windows operating system has path length limitations. It is recommended you use shorter names to reduce the likelihood of issues.
INFO: [IP_Flow 19-1686] Generating 'Synthesis' target for IP 'loop_uhat_sparse_dmul_64ns_64ns_64_7_max_dsp_1_ip'...
INFO: [IP_Flow 19-1686] Generating 'Simulation' target for IP 'loop_uhat_sparse_dmul_64ns_64ns_64_7_max_dsp_1_ip'...
WARNING: [IP_Flow 19-4832] The IP name 'loop_uhat_sparse_sitodp_64ns_64_6_no_dsp_1_ip' you have specified is long. The Windows operating system has path length limitations. It is recommended you use shorter names to reduce the likelihood of issues.
INFO: [IP_Flow 19-1686] Generating 'Synthesis' target for IP 'loop_uhat_sparse_sitodp_64ns_64_6_no_dsp_1_ip'...
INFO: [IP_Flow 19-1686] Generating 'Simulation' target for IP 'loop_uhat_sparse_sitodp_64ns_64_6_no_dsp_1_ip'...
INFO: [IP_Flow 19-234] Refreshing IP repositories
INFO: [IP_Flow 19-1704] No user IP repositories specified
INFO: [IP_Flow 19-2313] Loaded Vivado IP repository 'C:/Xilinx/Vivado/2023.2/data/ip'.
INFO: [Common 17-206] Exiting Vivado at Fri Aug  2 15:07:15 2024...
